<?xml version="1.0" encoding="UTF-8"?>
<!-- Generated by org.testng.reporters.JUnitReportReporter -->
<testsuite hostname="RIPL-DST-031" failures="0" tests="2" name="testcases.One_Mail" time="3138.233" errors="0" timestamp="2023-12-27T11:01:46 IST" skipped="0">
  <testcase classname="testcases.One_Mail" name="LOGIN" time="20.179"/>
  <system-out>
    <![CDATA[click login button 
enter username
enter password 
click login button ]]>
  </system-out>
  <testcase classname="testcases.One_Mail" name="Frequency_Report" time="3118.054"/>
  <system-out>
    <![CDATA[MAIN_LT_PANEL-2
Tower B Retail panel
Construction Supply
APFC_PANEL
5f1_Feeder
Gateway Name ==MAIN_LT_PANEL-2,Meter Name ----5f1_FeederThe frequency value is zero. Please check.
601_HEUBACH
SOLAR_FEEDER
3F_FEEDER-1
Gateway Name ==MAIN_LT_PANEL-2,Meter Name ----3F_FEEDER-1The frequency value is zero. Please check.
4F_FEEDER-1
4F_FEEDER-2
Gateway Name ==MAIN_LT_PANEL-2,Meter Name ----4F_FEEDER-2The frequency value is zero. Please check.
8F2_4FA2
3F_FEEDER-2
9F2_FDP3FA2
9F3_SPARE
LT_PANEL_2_DG_INCOMER
Gateway Name ==MAIN_LT_PANEL-2,Meter Name ----LT_PANEL_2_DG_INCOMERThe frequency value is zero. Please check.
LT_PANEL_2_EB_INCOMER
COMMON AREA LIGHTNING AND POWER PANEL
2F5_EXTERNAL LIGHTING PANEL 2
2F4_EXTERNAL LIGHTING PANEL 1
2F3_COMMON PASSAGE PANEL TOWER A
2F2_B2-COMMAN AREA PANEL
2F1_B1-COMMAN AREA PANEL
MAIN_LT_PANEL-1
9F-5_SPARE
9F-4_SOLAR INVERTER FEEDER
9F-3_SPARE
9F-2_SPARE
TOWER_A_2ND_FLOOR_FEEDER
Gateway Name ==MAIN_LT_PANEL-1,Meter Name ----TOWER_A_2ND_FLOOR_FEEDERThe frequency value is zero. Please check.
8F-5_PLUMBING PANEL
Gateway Name ==MAIN_LT_PANEL-1,Meter Name ----8F-5_PLUMBING PANELThe frequency value is zero. Please check.
8F-4_TERRACE PANEL
Gateway Name ==MAIN_LT_PANEL-1,Meter Name ----8F-4_TERRACE PANELThe frequency value is zero. Please check.
8F-2_HDFC
Gateway Name ==MAIN_LT_PANEL-1,Meter Name ----8F-2_HDFCThe frequency value is zero. Please check.
8F-1_SPARE
Gateway Name ==MAIN_LT_PANEL-1,Meter Name ----8F-1_SPAREThe frequency value is zero. Please check.
7F-1_METERING AND INDICATION
Gateway Name ==MAIN_LT_PANEL-1,Meter Name ----7F-1_METERING AND INDICATIONThe frequency value is zero. Please check.
TOWER_A_GF_FEEDER
4F-2_LIFE SAFET PANEL
3F-3_BASEMENT1 VENTILATION PANEL
3F-1_COMMON LIGHTNING AND POWER PANEL
LT_PANEL_1_EB_INCOMER
LT_PANEL_1_DG_INCOMER
Gateway Name ==MAIN_LT_PANEL-1,Meter Name ----LT_PANEL_1_DG_INCOMERThe frequency value is zero. Please check.
UPS_OUTPUT_PANEL
GF_METER_PANEL_TOWER-A
2F1_Q1 CAFE NEAR MAX
2F1_Q2 CAFE NEAR CROMA
2F2_MAX
2F3_PANTALOONS
Gateway Name ==GF_METER_PANEL_TOWER-A,Meter Name ----2F3_PANTALOONSThe frequency value is zero. Please check.
2F4_CROMA(1)
3F1_Q3 CAFE NEAR M&S
3F1_Q4 CAFE NEAR PANTALOONS
Gateway Name ==GF_METER_PANEL_TOWER-A,Meter Name ----3F1_Q4 CAFE NEAR PANTALOONSThe frequency value is zero. Please check.
3F2_SPACE
Gateway Name ==GF_METER_PANEL_TOWER-A,Meter Name ----3F2_SPACEThe frequency value is zero. Please check.
3F3_METER PANEL-1F FDP-1FA
External_Lighting_DB
1F2_Q1 TO Q3_1
1F2_Q1 TO Q3_2
FDP-1FA1
2F1_SPARE
2F2_PANTALOONS
2F3_MAX
2F4_CROMA
FDP-2FA1
1F2_SHOP-1
Gateway Name ==FDP-2FA1,Meter Name ----1F2_SHOP-1Text Found is No Data Found.
2F1_SHOP-2
Gateway Name ==FDP-2FA1,Meter Name ----2F1_SHOP-2Text Found is No Data Found.
2F2_SHOP-3
Gateway Name ==FDP-2FA1,Meter Name ----2F2_SHOP-3Text Found is No Data Found.
2F3_HDFC_ FITOUT
Gateway Name ==FDP-2FA1,Meter Name ----2F3_HDFC_ FITOUTText Found is No Data Found.
2F4_Q1 SHOP EXPECTED Q2 SPARE
Gateway Name ==FDP-2FA1,Meter Name ----2F4_Q1 SHOP EXPECTED Q2 SPAREText Found is No Data Found.
FDP-3FA2 & 3FA1
3FA2_1F2_SHOP-314
3FA2_1F3_SHOP-306
308_DELTA_TOOLING'S
3FA2_1F4_SHOP-313
3FA2_2F1_SPARE
3FA2_2F2_SPARE
3FA2_2F3_SHOP-311
Gateway Name ==FDP-3FA2 & 3FA1,Meter Name ----3FA2_2F3_SHOP-311The frequency value is zero. Please check.
3FA2_2F3_SHOP-312
3FA2_2F4_SHOP SPARE
Gateway Name ==FDP-3FA2 & 3FA1,Meter Name ----3FA2_2F4_SHOP SPAREThe frequency value is zero. Please check.
3FA2_2F4_SHOP-315
3FA2_2F5_SHOP-309
Gateway Name ==FDP-3FA2 & 3FA1,Meter Name ----3FA2_2F5_SHOP-309The frequency value is zero. Please check.
3FA2_2F5_SHOP-308
Gateway Name ==FDP-3FA2 & 3FA1,Meter Name ----3FA2_2F5_SHOP-308The frequency value is zero. Please check.
301_CAREER_ABROAD
305_ Kanakadurga Finance Limited
302_SHREE_PRAMUKH_TRANSPORT_CO.
303_SHREE_PRAMUKH_TRANSPORT_CO.
Gateway Name ==FDP-3FA2 & 3FA1,Meter Name ----303_SHREE_PRAMUKH_TRANSPORT_CO.The frequency value is zero. Please check.
3FA1_2F1_SPARE
Gateway Name ==FDP-3FA2 & 3FA1,Meter Name ----3FA1_2F1_SPAREThe frequency value is zero. Please check.
3FA1_2F2_SPARE
Gateway Name ==FDP-3FA2 & 3FA1,Meter Name ----3FA1_2F2_SPAREThe frequency value is zero. Please check.
3FA1_2F3_SHOP-303
Gateway Name ==FDP-3FA2 & 3FA1,Meter Name ----3FA1_2F3_SHOP-303The frequency value is zero. Please check.
3FA1_2F2_SHOP-316
Gateway Name ==FDP-3FA2 & 3FA1,Meter Name ----3FA1_2F2_SHOP-316The frequency value is zero. Please check.
3FA1_2F4_SHOP-318-1
Gateway Name ==FDP-3FA2 & 3FA1,Meter Name ----3FA1_2F4_SHOP-318-1The frequency value is zero. Please check.
304_ Kanakadurga Finance Limited
FDP-4FA1 & 4FA2
4FA2_1F2_SPARE
404_S A PATEL
4FA2_1F3_SPARE
4FA2_1F4_SHOP-409
4FA2_1F4_OFFICE-405
4FA2_2F1_SPARE
408_
4FA2_2F3_SHOP-411
4FA2_2F3_SHOP-413
406_N.R_PARIKH_AND_C.O'S
4FA2_2F4_SHOP-405 & 406
402_SHREE_PRAKASH_AGENCIES
403_MLSHAH & CO
4FA1_1F2_SHOP-401
4FA1_1F2_SHOP-403
404_
411_THAKKAR GLOBAL PVT LTD
401_Yokogawa
4FA2_2F2_SPARE
4FA2_2F3_SHOP-417
4FA1_2F3_SHOP-419
4FA1_2F4_SHOP-418
TERRACE_SOLAR_ACDB_PANEL
FDP-6FA
RETAIL_PANEL_TOWER_B-1
2F1_SHOP-40_B_BLK.LOCK_ST.FLR
2F1_SHOP-17
2F1_SHOP-18
PIZZA_HUT
2F3_SHOP-41_B_BLK.LOCK_ST.FLR
2F3_SHOP-39_B_BLK.LOCK_ST.FLR
2F3_SHOP-19_B_BLK.LOCK_G/R FLR
2F4_SHOP-44_B_BLK.LOCK_ST.FLR
2F4_SHOP-43_B_BLK.LOCK_ST.FLR
2F4_SHOP-20
2F5_SHOP_UTSA
RETAIL_PANEL_TOWER_B-2
BATA
3F1_SHOP-22_B_BLK.LOCK_G/R FLR
3F1_SHOP-24_B_BLK.LOCK_G/R FLR
3F2_ZUDIO_2
3F3_SHOP-46_B_BLK.LOCK_ST.FLR
3F3_SPARE
3F3_SHOP-23_B_BLK.LOCK_G/R FLR
3F4_20 slave name temporary
3F4_21 slave name temporary
3F4_22 slave name temporary
Gateway Name ==RETAIL_PANEL_TOWER_B-2,Meter Name ----3F4_22 slave name temporaryThe frequency value is zero. Please check.
Croma NEW
4F1_SHOP-57_B_BLK_LOCK_SECO.FLR
Gateway Name ==RETAIL_PANEL_TOWER_B-2,Meter Name ----4F1_SHOP-57_B_BLK_LOCK_SECO.FLRThe frequency value is zero. Please check.
4F1_SHOP-56_B_BLK_LOCK_SECO.FLR
Croma
4F2_SHOP-59_B_BLK_LOCK_SECO.FLR
4F2_SHOP-27_B_BLK.LOCK_G/R FLR
4F3_SHOP-64_B_BLK_LOCK_SECO.FLR
4F3_SHOP-25_B_BLK_LOCK_G/R FLR
4F3_SHOP-26_B_BLK_LOCK_G/R FLR
4F4_SHOP-58_B_BLK_LOCK_SECO.FLR
4F4_SHOP-28_B_BLK_LOCK_G/R FLR
4F4_SHOP-29_B_BLK_LOCK_G/R FLR
FDP-5FA1
501_Metso
Gateway Name ==FDP-5FA1,Meter Name ----501_MetsoText Found is No Data Found.
Life Safety Panel
1F1_fire_fighting_panel
2F1_elevator_panel
2F3_elevator_panel
DG_Ground_Sync_Panels
DG_Sync_Panel-1
Gateway Name ==DG_Ground_Sync_Panels,Meter Name ----DG_Sync_Panel-1The frequency value is zero. Please check.
DG_Sync_Panel-2
DG_Ground-2
DG_Ground-3]]>
  </system-out>
</testsuite> <!-- testcases.One_Mail -->
