<?xml version="1.0" encoding="UTF-8"?>
<!-- Generated by org.testng.reporters.JUnitReportReporter -->
<testsuite hostname="RIPL-DST-031" failures="0" tests="1" name="testcases.Gmail" time="4.301" errors="0" timestamp="2023-12-13T10:46:12 IST" skipped="0">
  <testcase classname="testcases.Gmail" name="Analysis_Report" time="4.301"/>
  <system-out/>
</testsuite> <!-- testcases.Gmail -->
