<?xml version="1.0" encoding="UTF-8"?>
<!-- Generated by org.testng.reporters.JUnitReportReporter -->
<testsuite hostname="RIPL-DST-031" failures="0" tests="2" name="testcases.Frequency_Read" time="85.622" errors="0" timestamp="2023-12-18T18:08:05 IST" skipped="0">
  <testcase classname="testcases.Frequency_Read" name="LOGIN" time="22.605"/>
  <system-out>
    <![CDATA[click login button 
enter username
enter password 
click login button ]]>
  </system-out>
  <testcase classname="testcases.Frequency_Read" name="Frequency_Report" time="63.017"/>
  <system-out>
    <![CDATA[3FA2_1F2_SHOP-314
0
3FA2_1F3_SHOP-306
0]]>
  </system-out>
</testsuite> <!-- testcases.Frequency_Read -->
