<?xml version="1.0" encoding="UTF-8"?>
<!-- Generated by org.testng.reporters.JUnitReportReporter -->
<testsuite hostname="RIPL-DST-031" failures="0" tests="1" name="testcases.Login" time="19.169" errors="0" timestamp="2023-12-11T10:34:26 IST" skipped="0">
  <testcase classname="testcases.Login" name="LOGIN" time="19.169"/>
  <system-out>
    <![CDATA[click login button 
enter username
enter password 
click login button ]]>
  </system-out>
</testsuite> <!-- testcases.Login -->
