<?xml version="1.0" encoding="UTF-8"?>
<!-- Generated by org.testng.reporters.JUnitReportReporter -->
<testsuite hostname="RIPL-DST-031" failures="0" tests="2" name="testcases.Analysis" time="23.494" errors="0" timestamp="2023-12-11T12:46:59 IST" skipped="0">
  <testcase classname="testcases.Analysis" name="LOGIN" time="16.813"/>
  <system-out>
    <![CDATA[click login button 
enter username
enter password 
click login button ]]>
  </system-out>
  <testcase classname="testcases.Analysis" name="Analysis_Report" time="6.681"/>
  <system-out>
    <![CDATA[Meter COMMON AREA LIGHTNING AND POWER PANEL color: Green
Meter DG_Ground-1 color: Green
Meter DG_Ground-2 color: Green
Meter DG_Ground-3 color: Green
Meter DG_Ground_Sync_Panels color: Green
Meter External_Lighting_DB color: Green
Meter FDP-1FA1 color: Green
Meter FDP-2FA1 color: Green
Meter FDP-3FA2 & 3FA1 color: Green
Meter FDP-4FA1 & 4FA2 color: Green
Meter FDP-5FA1 color: Green
Meter FDP-6FA color: Green
Meter GF_METER_PANEL_TOWER-A color: Green
Meter Life Safety Panel color: Green
Meter MAIN_LT_PANEL-1 color: Green
Meter MAIN_LT_PANEL-2 color: Green
Meter RETAIL_PANEL_TOWER_B-1 color: Green
Meter RETAIL_PANEL_TOWER_B-2 color: Green
Meter TERRACE_SOLAR_ACDB_PANEL color: Green
Meter UPS_OUTPUT_PANEL color: Green]]>
  </system-out>
</testsuite> <!-- testcases.Analysis -->
