<?xml version="1.0" encoding="UTF-8"?>
<!-- Generated by org.testng.reporters.JUnitReportReporter -->
<testsuite hostname="RIPL-DST-031" failures="0" tests="2" name="testcases.Analysis" time="34.873" errors="0" timestamp="2023-12-13T12:37:43 IST" skipped="0">
  <testcase classname="testcases.Analysis" name="LOGIN" time="19.547"/>
  <system-out>
    <![CDATA[click login button 
enter username
enter password 
click login button ]]>
  </system-out>
  <testcase classname="testcases.Analysis" name="Analysis_Report" time="15.326"/>
  <system-out>
    <![CDATA[Gateway===: COMMON AREA LIGHTNING AND POWER PANEL color==: Green
Gateway===: DG_Ground-1 color==: Red
Gateway===: DG_Ground-2 color==: Green
Gateway===: DG_Ground-3 color==: Red
Gateway===: DG_Ground_Sync_Panels color==: Green
Gateway===: External_Lighting_DB color==: Green
Gateway===: FDP-1FA1 color==: Green
Gateway===: FDP-2FA1 color==: Green
Gateway===: FDP-3FA2 & 3FA1 color==: Green
Gateway===: FDP-4FA1 & 4FA2 color==: Green
Gateway===: FDP-5FA1 color==: Green
Gateway===: FDP-6FA color==: Green
Gateway===: GF_METER_PANEL_TOWER-A color==: Green
Gateway===: Life Safety Panel color==: Green
Gateway===: MAIN_LT_PANEL-1 color==: Green
Gateway===: MAIN_LT_PANEL-2 color==: Green
Gateway===: RETAIL_PANEL_TOWER_B-1 color==: Green
Gateway===: RETAIL_PANEL_TOWER_B-2 color==: Green
Gateway===: TERRACE_SOLAR_ACDB_PANEL color==: Green
Gateway===: UPS_OUTPUT_PANEL color==: Green]]>
  </system-out>
</testsuite> <!-- testcases.Analysis -->
