<?xml version="1.0" encoding="UTF-8"?>
<!-- Generated by org.testng.reporters.JUnitReportReporter -->
<testsuite hostname="RIPL-DST-031" failures="0" tests="2" name="testcases.Meter_status1" time="64.390" errors="0" timestamp="2023-12-13T15:41:25 IST" skipped="0">
  <testcase classname="testcases.Meter_status1" name="LOGIN" time="20.846"/>
  <system-out>
    <![CDATA[click login button 
enter username
enter password 
click login button ]]>
  </system-out>
  <testcase classname="testcases.Meter_status1" name="Meter_Report" time="43.544"/>
  <system-out>
    <![CDATA[Gateway== COMMON AREA LIGHTNING AND POWER PANEL
Meter 1F2_COMMAN PASSAGE VTPNDB TOWER-B color: Green
Meter 2F1_B1-COMMAN AREA PANEL color: Green
Meter 2F2_B2-COMMAN AREA PANEL color: Green
Meter 2F3_COMMON PASSAGE PANEL TOWER A color: Green
Meter 2F4_EXTERNAL LIGHTING PANEL 1 color: Green
Meter 2F5_EXTERNAL LIGHTING PANEL 2 color: Green
Meter 1F2_COMMAN PASSAGE VTPNDB TOWER-B color: Green
Meter 2F1_B1-COMMAN AREA PANEL color: Green
Meter 2F2_B2-COMMAN AREA PANEL color: Green
Meter 2F3_COMMON PASSAGE PANEL TOWER A color: Green
Meter 2F4_EXTERNAL LIGHTING PANEL 1 color: Green
Meter 2F5_EXTERNAL LIGHTING PANEL 2 color: Green
Meter 1F2_COMMAN PASSAGE VTPNDB TOWER-B color: Green
Meter 2F1_B1-COMMAN AREA PANEL color: Green
Meter 2F2_B2-COMMAN AREA PANEL color: Green
Meter 2F3_COMMON PASSAGE PANEL TOWER A color: Green
Meter 2F4_EXTERNAL LIGHTING PANEL 1 color: Green
Meter 2F5_EXTERNAL LIGHTING PANEL 2 color: Green
Meter 1F2_COMMAN PASSAGE VTPNDB TOWER-B color: Green
Meter 2F1_B1-COMMAN AREA PANEL color: Green
Meter 2F2_B2-COMMAN AREA PANEL color: Green
Meter 2F3_COMMON PASSAGE PANEL TOWER A color: Green
Meter 2F4_EXTERNAL LIGHTING PANEL 1 color: Green
Meter 2F5_EXTERNAL LIGHTING PANEL 2 color: Green
Meter 1F2_COMMAN PASSAGE VTPNDB TOWER-B color: Green
Meter 2F1_B1-COMMAN AREA PANEL color: Green
Meter 2F2_B2-COMMAN AREA PANEL color: Green
Meter 2F3_COMMON PASSAGE PANEL TOWER A color: Green
Meter 2F4_EXTERNAL LIGHTING PANEL 1 color: Green
Meter 2F5_EXTERNAL LIGHTING PANEL 2 color: Green
Meter 1F2_COMMAN PASSAGE VTPNDB TOWER-B color: Green
Meter 2F1_B1-COMMAN AREA PANEL color: Green
Meter 2F2_B2-COMMAN AREA PANEL color: Green
Meter 2F3_COMMON PASSAGE PANEL TOWER A color: Green
Meter 2F4_EXTERNAL LIGHTING PANEL 1 color: Green
Meter 2F5_EXTERNAL LIGHTING PANEL 2 color: Green
Gateway== DG_Ground-1
Meter DG_Ground_1 color: Red
Gateway== DG_Ground-2
Meter DG_Ground_2 color: Green
Gateway== DG_Ground-3
Meter DG_Ground_3 color: Red
Gateway== DG_Ground_Sync_Panels
Meter DG_Sync_Panel-1 color: Green
Meter DG_Sync_Panel-2 color: Green
Meter DG_Sync_Panel-3 color: Green
Meter DG_Sync_Panel-1 color: Green
Meter DG_Sync_Panel-2 color: Green
Meter DG_Sync_Panel-3 color: Green
Meter DG_Sync_Panel-1 color: Green
Meter DG_Sync_Panel-2 color: Green
Meter DG_Sync_Panel-3 color: Green
Gateway== External_Lighting_DB
Meter 1F2_Q1 TO Q3_1 color: Green
Meter 1F2_Q1 TO Q3_2 color: Green
Meter 2F3_SHOP-4 color: Green
Meter 1F2_Q1 TO Q3_1 color: Green
Meter 1F2_Q1 TO Q3_2 color: Green
Meter 2F3_SHOP-4 color: Green
Meter 1F2_Q1 TO Q3_1 color: Green
Meter 1F2_Q1 TO Q3_2 color: Green
Meter 2F3_SHOP-4 color: Green
Gateway== FDP-1FA1
Meter 2F1_SPARE color: Green
Meter 2F2_PANTALOONS color: Green
Meter 2F3_MAX color: Green
Meter 2F4_CROMA color: Green
Meter 2F5_M&S color: Green
Meter 2F1_SPARE color: Green
Meter 2F2_PANTALOONS color: Green
Meter 2F3_MAX color: Green
Meter 2F4_CROMA color: Green
Meter 2F5_M&S color: Green
Meter 2F1_SPARE color: Green
Meter 2F2_PANTALOONS color: Green
Meter 2F3_MAX color: Green
Meter 2F4_CROMA color: Green
Meter 2F5_M&S color: Green
Meter 2F1_SPARE color: Green
Meter 2F2_PANTALOONS color: Green
Meter 2F3_MAX color: Green
Meter 2F4_CROMA color: Green
Meter 2F5_M&S color: Green
Meter 2F1_SPARE color: Green
Meter 2F2_PANTALOONS color: Green
Meter 2F3_MAX color: Green
Meter 2F4_CROMA color: Green
Meter 2F5_M&S color: Green
Gateway== FDP-2FA1
Meter 1F2_SHOP-1 color: Green
Meter 2F1_SHOP-2 color: Green
Meter 2F2_SHOP-3 color: Green
Meter 2F3_HDFC_ FITOUT color: Green
Meter 2F4_Q1 SHOP EXPECTED Q2 SPARE color: Green
Meter Q2_SPARE color: Green
Meter 1F2_SHOP-1 color: Green
Meter 2F1_SHOP-2 color: Green
Meter 2F2_SHOP-3 color: Green
Meter 2F3_HDFC_ FITOUT color: Green
Meter 2F4_Q1 SHOP EXPECTED Q2 SPARE color: Green
Meter Q2_SPARE color: Green
Meter 1F2_SHOP-1 color: Green
Meter 2F1_SHOP-2 color: Green
Meter 2F2_SHOP-3 color: Green
Meter 2F3_HDFC_ FITOUT color: Green
Meter 2F4_Q1 SHOP EXPECTED Q2 SPARE color: Green
Meter Q2_SPARE color: Green
Meter 1F2_SHOP-1 color: Green
Meter 2F1_SHOP-2 color: Green
Meter 2F2_SHOP-3 color: Green
Meter 2F3_HDFC_ FITOUT color: Green
Meter 2F4_Q1 SHOP EXPECTED Q2 SPARE color: Green
Meter Q2_SPARE color: Green
Meter 1F2_SHOP-1 color: Green
Meter 2F1_SHOP-2 color: Green
Meter 2F2_SHOP-3 color: Green
Meter 2F3_HDFC_ FITOUT color: Green
Meter 2F4_Q1 SHOP EXPECTED Q2 SPARE color: Green
Meter Q2_SPARE color: Green
Meter 1F2_SHOP-1 color: Green
Meter 2F1_SHOP-2 color: Green
Meter 2F2_SHOP-3 color: Green
Meter 2F3_HDFC_ FITOUT color: Green
Meter 2F4_Q1 SHOP EXPECTED Q2 SPARE color: Green
Meter Q2_SPARE color: Green
Gateway== FDP-3FA2 & 3FA1
Meter 301_CAREER_ABROAD color: Green
Meter 302_SHREE_PRAMUKH_TRANSPORT_CO. color: Green
Meter 303_SHREE_PRAMUKH_TRANSPORT_CO. color: Green
Meter 304_ Kanakadurga Finance Limited color: Green
Meter 305_ Kanakadurga Finance Limited color: Green
Meter 307_TRUEPROFIT_DISTRIBUTORS_LLP color: Green
Meter 308_DELTA_TOOLING'S color: Green
Meter 3FA1_2F1_SPARE color: Green
Meter 3FA1_2F2_SHOP-316 color: Green
Meter 3FA1_2F2_SPARE color: Green
Meter 3FA1_2F3_SHOP-303 color: Green
Meter 3FA1_2F4_SHOP-318-1 color: Green
Meter 3FA2_1F2_SHOP-314 color: Green
Meter 3FA2_1F3_SHOP-306 color: Green
Meter 3FA2_1F4_SHOP-313 color: Green
Meter 3FA2_2F1_SPARE color: Green
Meter 3FA2_2F2_SPARE color: Green
Meter 3FA2_2F3_SHOP-311 color: Green
Meter 3FA2_2F3_SHOP-312 color: Green
Meter 3FA2_2F4_SHOP SPARE color: Green
Meter 3FA2_2F4_SHOP-315 color: Green
Meter 3FA2_2F5_SHOP-308 color: Green
Meter 3FA2_2F5_SHOP-309 color: Green
Meter 301_CAREER_ABROAD color: Green
Meter 302_SHREE_PRAMUKH_TRANSPORT_CO. color: Green
Meter 303_SHREE_PRAMUKH_TRANSPORT_CO. color: Green
Meter 304_ Kanakadurga Finance Limited color: Green
Meter 305_ Kanakadurga Finance Limited color: Green
Meter 307_TRUEPROFIT_DISTRIBUTORS_LLP color: Green
Meter 308_DELTA_TOOLING'S color: Green
Meter 3FA1_2F1_SPARE color: Green
Meter 3FA1_2F2_SHOP-316 color: Green
Meter 3FA1_2F2_SPARE color: Green
Meter 3FA1_2F3_SHOP-303 color: Green
Meter 3FA1_2F4_SHOP-318-1 color: Green
Meter 3FA2_1F2_SHOP-314 color: Green
Meter 3FA2_1F3_SHOP-306 color: Green
Meter 3FA2_1F4_SHOP-313 color: Green
Meter 3FA2_2F1_SPARE color: Green
Meter 3FA2_2F2_SPARE color: Green
Meter 3FA2_2F3_SHOP-311 color: Green
Meter 3FA2_2F3_SHOP-312 color: Green
Meter 3FA2_2F4_SHOP SPARE color: Green
Meter 3FA2_2F4_SHOP-315 color: Green
Meter 3FA2_2F5_SHOP-308 color: Green
Meter 3FA2_2F5_SHOP-309 color: Green
Meter 301_CAREER_ABROAD color: Green
Meter 302_SHREE_PRAMUKH_TRANSPORT_CO. color: Green
Meter 303_SHREE_PRAMUKH_TRANSPORT_CO. color: Green
Meter 304_ Kanakadurga Finance Limited color: Green
Meter 305_ Kanakadurga Finance Limited color: Green
Meter 307_TRUEPROFIT_DISTRIBUTORS_LLP color: Green
Meter 308_DELTA_TOOLING'S color: Green
Meter 3FA1_2F1_SPARE color: Green
Meter 3FA1_2F2_SHOP-316 color: Green
Meter 3FA1_2F2_SPARE color: Green
Meter 3FA1_2F3_SHOP-303 color: Green
Meter 3FA1_2F4_SHOP-318-1 color: Green
Meter 3FA2_1F2_SHOP-314 color: Green
Meter 3FA2_1F3_SHOP-306 color: Green
Meter 3FA2_1F4_SHOP-313 color: Green
Meter 3FA2_2F1_SPARE color: Green
Meter 3FA2_2F2_SPARE color: Green
Meter 3FA2_2F3_SHOP-311 color: Green
Meter 3FA2_2F3_SHOP-312 color: Green
Meter 3FA2_2F4_SHOP SPARE color: Green
Meter 3FA2_2F4_SHOP-315 color: Green
Meter 3FA2_2F5_SHOP-308 color: Green
Meter 3FA2_2F5_SHOP-309 color: Green
Meter 301_CAREER_ABROAD color: Green
Meter 302_SHREE_PRAMUKH_TRANSPORT_CO. color: Green
Meter 303_SHREE_PRAMUKH_TRANSPORT_CO. color: Green
Meter 304_ Kanakadurga Finance Limited color: Green
Meter 305_ Kanakadurga Finance Limited color: Green
Meter 307_TRUEPROFIT_DISTRIBUTORS_LLP color: Green
Meter 308_DELTA_TOOLING'S color: Green
Meter 3FA1_2F1_SPARE color: Green
Meter 3FA1_2F2_SHOP-316 color: Green
Meter 3FA1_2F2_SPARE color: Green
Meter 3FA1_2F3_SHOP-303 color: Green
Meter 3FA1_2F4_SHOP-318-1 color: Green
Meter 3FA2_1F2_SHOP-314 color: Green
Meter 3FA2_1F3_SHOP-306 color: Green
Meter 3FA2_1F4_SHOP-313 color: Green
Meter 3FA2_2F1_SPARE color: Green
Meter 3FA2_2F2_SPARE color: Green
Meter 3FA2_2F3_SHOP-311 color: Green
Meter 3FA2_2F3_SHOP-312 color: Green
Meter 3FA2_2F4_SHOP SPARE color: Green
Meter 3FA2_2F4_SHOP-315 color: Green
Meter 3FA2_2F5_SHOP-308 color: Green
Meter 3FA2_2F5_SHOP-309 color: Green
Meter 301_CAREER_ABROAD color: Green
Meter 302_SHREE_PRAMUKH_TRANSPORT_CO. color: Green
Meter 303_SHREE_PRAMUKH_TRANSPORT_CO. color: Green
Meter 304_ Kanakadurga Finance Limited color: Green
Meter 305_ Kanakadurga Finance Limited color: Green
Meter 307_TRUEPROFIT_DISTRIBUTORS_LLP color: Green
Meter 308_DELTA_TOOLING'S color: Green
Meter 3FA1_2F1_SPARE color: Green
Meter 3FA1_2F2_SHOP-316 color: Green
Meter 3FA1_2F2_SPARE color: Green
Meter 3FA1_2F3_SHOP-303 color: Green
Meter 3FA1_2F4_SHOP-318-1 color: Green
Meter 3FA2_1F2_SHOP-314 color: Green
Meter 3FA2_1F3_SHOP-306 color: Green
Meter 3FA2_1F4_SHOP-313 color: Green
Meter 3FA2_2F1_SPARE color: Green
Meter 3FA2_2F2_SPARE color: Green
Meter 3FA2_2F3_SHOP-311 color: Green
Meter 3FA2_2F3_SHOP-312 color: Green
Meter 3FA2_2F4_SHOP SPARE color: Green
Meter 3FA2_2F4_SHOP-315 color: Green
Meter 3FA2_2F5_SHOP-308 color: Green
Meter 3FA2_2F5_SHOP-309 color: Green
Meter 301_CAREER_ABROAD color: Green
Meter 302_SHREE_PRAMUKH_TRANSPORT_CO. color: Green
Meter 303_SHREE_PRAMUKH_TRANSPORT_CO. color: Green
Meter 304_ Kanakadurga Finance Limited color: Green
Meter 305_ Kanakadurga Finance Limited color: Green
Meter 307_TRUEPROFIT_DISTRIBUTORS_LLP color: Green
Meter 308_DELTA_TOOLING'S color: Green
Meter 3FA1_2F1_SPARE color: Green
Meter 3FA1_2F2_SHOP-316 color: Green
Meter 3FA1_2F2_SPARE color: Green
Meter 3FA1_2F3_SHOP-303 color: Green
Meter 3FA1_2F4_SHOP-318-1 color: Green
Meter 3FA2_1F2_SHOP-314 color: Green
Meter 3FA2_1F3_SHOP-306 color: Green
Meter 3FA2_1F4_SHOP-313 color: Green
Meter 3FA2_2F1_SPARE color: Green
Meter 3FA2_2F2_SPARE color: Green
Meter 3FA2_2F3_SHOP-311 color: Green
Meter 3FA2_2F3_SHOP-312 color: Green
Meter 3FA2_2F4_SHOP SPARE color: Green
Meter 3FA2_2F4_SHOP-315 color: Green
Meter 3FA2_2F5_SHOP-308 color: Green
Meter 3FA2_2F5_SHOP-309 color: Green
Meter 301_CAREER_ABROAD color: Green
Meter 302_SHREE_PRAMUKH_TRANSPORT_CO. color: Green
Meter 303_SHREE_PRAMUKH_TRANSPORT_CO. color: Green
Meter 304_ Kanakadurga Finance Limited color: Green
Meter 305_ Kanakadurga Finance Limited color: Green
Meter 307_TRUEPROFIT_DISTRIBUTORS_LLP color: Green
Meter 308_DELTA_TOOLING'S color: Green
Meter 3FA1_2F1_SPARE color: Green
Meter 3FA1_2F2_SHOP-316 color: Green
Meter 3FA1_2F2_SPARE color: Green
Meter 3FA1_2F3_SHOP-303 color: Green
Meter 3FA1_2F4_SHOP-318-1 color: Green
Meter 3FA2_1F2_SHOP-314 color: Green
Meter 3FA2_1F3_SHOP-306 color: Green
Meter 3FA2_1F4_SHOP-313 color: Green
Meter 3FA2_2F1_SPARE color: Green
Meter 3FA2_2F2_SPARE color: Green
Meter 3FA2_2F3_SHOP-311 color: Green
Meter 3FA2_2F3_SHOP-312 color: Green
Meter 3FA2_2F4_SHOP SPARE color: Green
Meter 3FA2_2F4_SHOP-315 color: Green
Meter 3FA2_2F5_SHOP-308 color: Green
Meter 3FA2_2F5_SHOP-309 color: Green
Meter 301_CAREER_ABROAD color: Green
Meter 302_SHREE_PRAMUKH_TRANSPORT_CO. color: Green
Meter 303_SHREE_PRAMUKH_TRANSPORT_CO. color: Green
Meter 304_ Kanakadurga Finance Limited color: Green
Meter 305_ Kanakadurga Finance Limited color: Green
Meter 307_TRUEPROFIT_DISTRIBUTORS_LLP color: Green
Meter 308_DELTA_TOOLING'S color: Green
Meter 3FA1_2F1_SPARE color: Green
Meter 3FA1_2F2_SHOP-316 color: Green
Meter 3FA1_2F2_SPARE color: Green
Meter 3FA1_2F3_SHOP-303 color: Green
Meter 3FA1_2F4_SHOP-318-1 color: Green
Meter 3FA2_1F2_SHOP-314 color: Green
Meter 3FA2_1F3_SHOP-306 color: Green
Meter 3FA2_1F4_SHOP-313 color: Green
Meter 3FA2_2F1_SPARE color: Green
Meter 3FA2_2F2_SPARE color: Green
Meter 3FA2_2F3_SHOP-311 color: Green
Meter 3FA2_2F3_SHOP-312 color: Green
Meter 3FA2_2F4_SHOP SPARE color: Green
Meter 3FA2_2F4_SHOP-315 color: Green
Meter 3FA2_2F5_SHOP-308 color: Green
Meter 3FA2_2F5_SHOP-309 color: Green
Meter 301_CAREER_ABROAD color: Green
Meter 302_SHREE_PRAMUKH_TRANSPORT_CO. color: Green
Meter 303_SHREE_PRAMUKH_TRANSPORT_CO. color: Green
Meter 304_ Kanakadurga Finance Limited color: Green
Meter 305_ Kanakadurga Finance Limited color: Green
Meter 307_TRUEPROFIT_DISTRIBUTORS_LLP color: Green
Meter 308_DELTA_TOOLING'S color: Green
Meter 3FA1_2F1_SPARE color: Green
Meter 3FA1_2F2_SHOP-316 color: Green
Meter 3FA1_2F2_SPARE color: Green
Meter 3FA1_2F3_SHOP-303 color: Green
Meter 3FA1_2F4_SHOP-318-1 color: Green
Meter 3FA2_1F2_SHOP-314 color: Green
Meter 3FA2_1F3_SHOP-306 color: Green
Meter 3FA2_1F4_SHOP-313 color: Green
Meter 3FA2_2F1_SPARE color: Green
Meter 3FA2_2F2_SPARE color: Green
Meter 3FA2_2F3_SHOP-311 color: Green
Meter 3FA2_2F3_SHOP-312 color: Green
Meter 3FA2_2F4_SHOP SPARE color: Green
Meter 3FA2_2F4_SHOP-315 color: Green
Meter 3FA2_2F5_SHOP-308 color: Green
Meter 3FA2_2F5_SHOP-309 color: Green
Meter 301_CAREER_ABROAD color: Green
Meter 302_SHREE_PRAMUKH_TRANSPORT_CO. color: Green
Meter 303_SHREE_PRAMUKH_TRANSPORT_CO. color: Green
Meter 304_ Kanakadurga Finance Limited color: Green
Meter 305_ Kanakadurga Finance Limited color: Green
Meter 307_TRUEPROFIT_DISTRIBUTORS_LLP color: Green
Meter 308_DELTA_TOOLING'S color: Green
Meter 3FA1_2F1_SPARE color: Green
Meter 3FA1_2F2_SHOP-316 color: Green
Meter 3FA1_2F2_SPARE color: Green
Meter 3FA1_2F3_SHOP-303 color: Green
Meter 3FA1_2F4_SHOP-318-1 color: Green
Meter 3FA2_1F2_SHOP-314 color: Green
Meter 3FA2_1F3_SHOP-306 color: Green
Meter 3FA2_1F4_SHOP-313 color: Green
Meter 3FA2_2F1_SPARE color: Green
Meter 3FA2_2F2_SPARE color: Green
Meter 3FA2_2F3_SHOP-311 color: Green
Meter 3FA2_2F3_SHOP-312 color: Green
Meter 3FA2_2F4_SHOP SPARE color: Green
Meter 3FA2_2F4_SHOP-315 color: Green
Meter 3FA2_2F5_SHOP-308 color: Green
Meter 3FA2_2F5_SHOP-309 color: Green
Meter 301_CAREER_ABROAD color: Green
Meter 302_SHREE_PRAMUKH_TRANSPORT_CO. color: Green
Meter 303_SHREE_PRAMUKH_TRANSPORT_CO. color: Green
Meter 304_ Kanakadurga Finance Limited color: Green
Meter 305_ Kanakadurga Finance Limited color: Green
Meter 307_TRUEPROFIT_DISTRIBUTORS_LLP color: Green
Meter 308_DELTA_TOOLING'S color: Green
Meter 3FA1_2F1_SPARE color: Green
Meter 3FA1_2F2_SHOP-316 color: Green
Meter 3FA1_2F2_SPARE color: Green
Meter 3FA1_2F3_SHOP-303 color: Green
Meter 3FA1_2F4_SHOP-318-1 color: Green
Meter 3FA2_1F2_SHOP-314 color: Green
Meter 3FA2_1F3_SHOP-306 color: Green
Meter 3FA2_1F4_SHOP-313 color: Green
Meter 3FA2_2F1_SPARE color: Green
Meter 3FA2_2F2_SPARE color: Green
Meter 3FA2_2F3_SHOP-311 color: Green
Meter 3FA2_2F3_SHOP-312 color: Green
Meter 3FA2_2F4_SHOP SPARE color: Green
Meter 3FA2_2F4_SHOP-315 color: Green
Meter 3FA2_2F5_SHOP-308 color: Green
Meter 3FA2_2F5_SHOP-309 color: Green
Meter 301_CAREER_ABROAD color: Green
Meter 302_SHREE_PRAMUKH_TRANSPORT_CO. color: Green
Meter 303_SHREE_PRAMUKH_TRANSPORT_CO. color: Green
Meter 304_ Kanakadurga Finance Limited color: Green
Meter 305_ Kanakadurga Finance Limited color: Green
Meter 307_TRUEPROFIT_DISTRIBUTORS_LLP color: Green
Meter 308_DELTA_TOOLING'S color: Green
Meter 3FA1_2F1_SPARE color: Green
Meter 3FA1_2F2_SHOP-316 color: Green
Meter 3FA1_2F2_SPARE color: Green
Meter 3FA1_2F3_SHOP-303 color: Green
Meter 3FA1_2F4_SHOP-318-1 color: Green
Meter 3FA2_1F2_SHOP-314 color: Green
Meter 3FA2_1F3_SHOP-306 color: Green
Meter 3FA2_1F4_SHOP-313 color: Green
Meter 3FA2_2F1_SPARE color: Green
Meter 3FA2_2F2_SPARE color: Green
Meter 3FA2_2F3_SHOP-311 color: Green
Meter 3FA2_2F3_SHOP-312 color: Green
Meter 3FA2_2F4_SHOP SPARE color: Green
Meter 3FA2_2F4_SHOP-315 color: Green
Meter 3FA2_2F5_SHOP-308 color: Green
Meter 3FA2_2F5_SHOP-309 color: Green
Meter 301_CAREER_ABROAD color: Green
Meter 302_SHREE_PRAMUKH_TRANSPORT_CO. color: Green
Meter 303_SHREE_PRAMUKH_TRANSPORT_CO. color: Green
Meter 304_ Kanakadurga Finance Limited color: Green
Meter 305_ Kanakadurga Finance Limited color: Green
Meter 307_TRUEPROFIT_DISTRIBUTORS_LLP color: Green
Meter 308_DELTA_TOOLING'S color: Green
Meter 3FA1_2F1_SPARE color: Green
Meter 3FA1_2F2_SHOP-316 color: Green
Meter 3FA1_2F2_SPARE color: Green
Meter 3FA1_2F3_SHOP-303 color: Green
Meter 3FA1_2F4_SHOP-318-1 color: Green
Meter 3FA2_1F2_SHOP-314 color: Green
Meter 3FA2_1F3_SHOP-306 color: Green
Meter 3FA2_1F4_SHOP-313 color: Green
Meter 3FA2_2F1_SPARE color: Green
Meter 3FA2_2F2_SPARE color: Green
Meter 3FA2_2F3_SHOP-311 color: Green
Meter 3FA2_2F3_SHOP-312 color: Green
Meter 3FA2_2F4_SHOP SPARE color: Green
Meter 3FA2_2F4_SHOP-315 color: Green
Meter 3FA2_2F5_SHOP-308 color: Green
Meter 3FA2_2F5_SHOP-309 color: Green
Meter 301_CAREER_ABROAD color: Green
Meter 302_SHREE_PRAMUKH_TRANSPORT_CO. color: Green
Meter 303_SHREE_PRAMUKH_TRANSPORT_CO. color: Green
Meter 304_ Kanakadurga Finance Limited color: Green
Meter 305_ Kanakadurga Finance Limited color: Green
Meter 307_TRUEPROFIT_DISTRIBUTORS_LLP color: Green
Meter 308_DELTA_TOOLING'S color: Green
Meter 3FA1_2F1_SPARE color: Green
Meter 3FA1_2F2_SHOP-316 color: Green
Meter 3FA1_2F2_SPARE color: Green
Meter 3FA1_2F3_SHOP-303 color: Green
Meter 3FA1_2F4_SHOP-318-1 color: Green
Meter 3FA2_1F2_SHOP-314 color: Green
Meter 3FA2_1F3_SHOP-306 color: Green
Meter 3FA2_1F4_SHOP-313 color: Green
Meter 3FA2_2F1_SPARE color: Green
Meter 3FA2_2F2_SPARE color: Green
Meter 3FA2_2F3_SHOP-311 color: Green
Meter 3FA2_2F3_SHOP-312 color: Green
Meter 3FA2_2F4_SHOP SPARE color: Green
Meter 3FA2_2F4_SHOP-315 color: Green
Meter 3FA2_2F5_SHOP-308 color: Green
Meter 3FA2_2F5_SHOP-309 color: Green
Meter 301_CAREER_ABROAD color: Green
Meter 302_SHREE_PRAMUKH_TRANSPORT_CO. color: Green
Meter 303_SHREE_PRAMUKH_TRANSPORT_CO. color: Green
Meter 304_ Kanakadurga Finance Limited color: Green
Meter 305_ Kanakadurga Finance Limited color: Green
Meter 307_TRUEPROFIT_DISTRIBUTORS_LLP color: Green
Meter 308_DELTA_TOOLING'S color: Green
Meter 3FA1_2F1_SPARE color: Green
Meter 3FA1_2F2_SHOP-316 color: Green
Meter 3FA1_2F2_SPARE color: Green
Meter 3FA1_2F3_SHOP-303 color: Green
Meter 3FA1_2F4_SHOP-318-1 color: Green
Meter 3FA2_1F2_SHOP-314 color: Green
Meter 3FA2_1F3_SHOP-306 color: Green
Meter 3FA2_1F4_SHOP-313 color: Green
Meter 3FA2_2F1_SPARE color: Green
Meter 3FA2_2F2_SPARE color: Green
Meter 3FA2_2F3_SHOP-311 color: Green
Meter 3FA2_2F3_SHOP-312 color: Green
Meter 3FA2_2F4_SHOP SPARE color: Green
Meter 3FA2_2F4_SHOP-315 color: Green
Meter 3FA2_2F5_SHOP-308 color: Green
Meter 3FA2_2F5_SHOP-309 color: Green
Meter 301_CAREER_ABROAD color: Green
Meter 302_SHREE_PRAMUKH_TRANSPORT_CO. color: Green
Meter 303_SHREE_PRAMUKH_TRANSPORT_CO. color: Green
Meter 304_ Kanakadurga Finance Limited color: Green
Meter 305_ Kanakadurga Finance Limited color: Green
Meter 307_TRUEPROFIT_DISTRIBUTORS_LLP color: Green
Meter 308_DELTA_TOOLING'S color: Green
Meter 3FA1_2F1_SPARE color: Green
Meter 3FA1_2F2_SHOP-316 color: Green
Meter 3FA1_2F2_SPARE color: Green
Meter 3FA1_2F3_SHOP-303 color: Green
Meter 3FA1_2F4_SHOP-318-1 color: Green
Meter 3FA2_1F2_SHOP-314 color: Green
Meter 3FA2_1F3_SHOP-306 color: Green
Meter 3FA2_1F4_SHOP-313 color: Green
Meter 3FA2_2F1_SPARE color: Green
Meter 3FA2_2F2_SPARE color: Green
Meter 3FA2_2F3_SHOP-311 color: Green
Meter 3FA2_2F3_SHOP-312 color: Green
Meter 3FA2_2F4_SHOP SPARE color: Green
Meter 3FA2_2F4_SHOP-315 color: Green
Meter 3FA2_2F5_SHOP-308 color: Green
Meter 3FA2_2F5_SHOP-309 color: Green
Meter 301_CAREER_ABROAD color: Green
Meter 302_SHREE_PRAMUKH_TRANSPORT_CO. color: Green
Meter 303_SHREE_PRAMUKH_TRANSPORT_CO. color: Green
Meter 304_ Kanakadurga Finance Limited color: Green
Meter 305_ Kanakadurga Finance Limited color: Green
Meter 307_TRUEPROFIT_DISTRIBUTORS_LLP color: Green
Meter 308_DELTA_TOOLING'S color: Green
Meter 3FA1_2F1_SPARE color: Green
Meter 3FA1_2F2_SHOP-316 color: Green
Meter 3FA1_2F2_SPARE color: Green
Meter 3FA1_2F3_SHOP-303 color: Green
Meter 3FA1_2F4_SHOP-318-1 color: Green
Meter 3FA2_1F2_SHOP-314 color: Green
Meter 3FA2_1F3_SHOP-306 color: Green
Meter 3FA2_1F4_SHOP-313 color: Green
Meter 3FA2_2F1_SPARE color: Green
Meter 3FA2_2F2_SPARE color: Green
Meter 3FA2_2F3_SHOP-311 color: Green
Meter 3FA2_2F3_SHOP-312 color: Green
Meter 3FA2_2F4_SHOP SPARE color: Green
Meter 3FA2_2F4_SHOP-315 color: Green
Meter 3FA2_2F5_SHOP-308 color: Green
Meter 3FA2_2F5_SHOP-309 color: Green
Meter 301_CAREER_ABROAD color: Green
Meter 302_SHREE_PRAMUKH_TRANSPORT_CO. color: Green
Meter 303_SHREE_PRAMUKH_TRANSPORT_CO. color: Green
Meter 304_ Kanakadurga Finance Limited color: Green
Meter 305_ Kanakadurga Finance Limited color: Green
Meter 307_TRUEPROFIT_DISTRIBUTORS_LLP color: Green
Meter 308_DELTA_TOOLING'S color: Green
Meter 3FA1_2F1_SPARE color: Green
Meter 3FA1_2F2_SHOP-316 color: Green
Meter 3FA1_2F2_SPARE color: Green
Meter 3FA1_2F3_SHOP-303 color: Green
Meter 3FA1_2F4_SHOP-318-1 color: Green
Meter 3FA2_1F2_SHOP-314 color: Green
Meter 3FA2_1F3_SHOP-306 color: Green
Meter 3FA2_1F4_SHOP-313 color: Green
Meter 3FA2_2F1_SPARE color: Green
Meter 3FA2_2F2_SPARE color: Green
Meter 3FA2_2F3_SHOP-311 color: Green
Meter 3FA2_2F3_SHOP-312 color: Green
Meter 3FA2_2F4_SHOP SPARE color: Green
Meter 3FA2_2F4_SHOP-315 color: Green
Meter 3FA2_2F5_SHOP-308 color: Green
Meter 3FA2_2F5_SHOP-309 color: Green
Meter 301_CAREER_ABROAD color: Green
Meter 302_SHREE_PRAMUKH_TRANSPORT_CO. color: Green
Meter 303_SHREE_PRAMUKH_TRANSPORT_CO. color: Green
Meter 304_ Kanakadurga Finance Limited color: Green
Meter 305_ Kanakadurga Finance Limited color: Green
Meter 307_TRUEPROFIT_DISTRIBUTORS_LLP color: Green
Meter 308_DELTA_TOOLING'S color: Green
Meter 3FA1_2F1_SPARE color: Green
Meter 3FA1_2F2_SHOP-316 color: Green
Meter 3FA1_2F2_SPARE color: Green
Meter 3FA1_2F3_SHOP-303 color: Green
Meter 3FA1_2F4_SHOP-318-1 color: Green
Meter 3FA2_1F2_SHOP-314 color: Green
Meter 3FA2_1F3_SHOP-306 color: Green
Meter 3FA2_1F4_SHOP-313 color: Green
Meter 3FA2_2F1_SPARE color: Green
Meter 3FA2_2F2_SPARE color: Green
Meter 3FA2_2F3_SHOP-311 color: Green
Meter 3FA2_2F3_SHOP-312 color: Green
Meter 3FA2_2F4_SHOP SPARE color: Green
Meter 3FA2_2F4_SHOP-315 color: Green
Meter 3FA2_2F5_SHOP-308 color: Green
Meter 3FA2_2F5_SHOP-309 color: Green
Meter 301_CAREER_ABROAD color: Green
Meter 302_SHREE_PRAMUKH_TRANSPORT_CO. color: Green
Meter 303_SHREE_PRAMUKH_TRANSPORT_CO. color: Green
Meter 304_ Kanakadurga Finance Limited color: Green
Meter 305_ Kanakadurga Finance Limited color: Green
Meter 307_TRUEPROFIT_DISTRIBUTORS_LLP color: Green
Meter 308_DELTA_TOOLING'S color: Green
Meter 3FA1_2F1_SPARE color: Green
Meter 3FA1_2F2_SHOP-316 color: Green
Meter 3FA1_2F2_SPARE color: Green
Meter 3FA1_2F3_SHOP-303 color: Green
Meter 3FA1_2F4_SHOP-318-1 color: Green
Meter 3FA2_1F2_SHOP-314 color: Green
Meter 3FA2_1F3_SHOP-306 color: Green
Meter 3FA2_1F4_SHOP-313 color: Green
Meter 3FA2_2F1_SPARE color: Green
Meter 3FA2_2F2_SPARE color: Green
Meter 3FA2_2F3_SHOP-311 color: Green
Meter 3FA2_2F3_SHOP-312 color: Green
Meter 3FA2_2F4_SHOP SPARE color: Green
Meter 3FA2_2F4_SHOP-315 color: Green
Meter 3FA2_2F5_SHOP-308 color: Green
Meter 3FA2_2F5_SHOP-309 color: Green
Meter 301_CAREER_ABROAD color: Green
Meter 302_SHREE_PRAMUKH_TRANSPORT_CO. color: Green
Meter 303_SHREE_PRAMUKH_TRANSPORT_CO. color: Green
Meter 304_ Kanakadurga Finance Limited color: Green
Meter 305_ Kanakadurga Finance Limited color: Green
Meter 307_TRUEPROFIT_DISTRIBUTORS_LLP color: Green
Meter 308_DELTA_TOOLING'S color: Green
Meter 3FA1_2F1_SPARE color: Green
Meter 3FA1_2F2_SHOP-316 color: Green
Meter 3FA1_2F2_SPARE color: Green
Meter 3FA1_2F3_SHOP-303 color: Green
Meter 3FA1_2F4_SHOP-318-1 color: Green
Meter 3FA2_1F2_SHOP-314 color: Green
Meter 3FA2_1F3_SHOP-306 color: Green
Meter 3FA2_1F4_SHOP-313 color: Green
Meter 3FA2_2F1_SPARE color: Green
Meter 3FA2_2F2_SPARE color: Green
Meter 3FA2_2F3_SHOP-311 color: Green
Meter 3FA2_2F3_SHOP-312 color: Green
Meter 3FA2_2F4_SHOP SPARE color: Green
Meter 3FA2_2F4_SHOP-315 color: Green
Meter 3FA2_2F5_SHOP-308 color: Green
Meter 3FA2_2F5_SHOP-309 color: Green
Meter 301_CAREER_ABROAD color: Green
Meter 302_SHREE_PRAMUKH_TRANSPORT_CO. color: Green
Meter 303_SHREE_PRAMUKH_TRANSPORT_CO. color: Green
Meter 304_ Kanakadurga Finance Limited color: Green
Meter 305_ Kanakadurga Finance Limited color: Green
Meter 307_TRUEPROFIT_DISTRIBUTORS_LLP color: Green
Meter 308_DELTA_TOOLING'S color: Green
Meter 3FA1_2F1_SPARE color: Green
Meter 3FA1_2F2_SHOP-316 color: Green
Meter 3FA1_2F2_SPARE color: Green
Meter 3FA1_2F3_SHOP-303 color: Green
Meter 3FA1_2F4_SHOP-318-1 color: Green
Meter 3FA2_1F2_SHOP-314 color: Green
Meter 3FA2_1F3_SHOP-306 color: Green
Meter 3FA2_1F4_SHOP-313 color: Green
Meter 3FA2_2F1_SPARE color: Green
Meter 3FA2_2F2_SPARE color: Green
Meter 3FA2_2F3_SHOP-311 color: Green
Meter 3FA2_2F3_SHOP-312 color: Green
Meter 3FA2_2F4_SHOP SPARE color: Green
Meter 3FA2_2F4_SHOP-315 color: Green
Meter 3FA2_2F5_SHOP-308 color: Green
Meter 3FA2_2F5_SHOP-309 color: Green
Meter 301_CAREER_ABROAD color: Green
Meter 302_SHREE_PRAMUKH_TRANSPORT_CO. color: Green
Meter 303_SHREE_PRAMUKH_TRANSPORT_CO. color: Green
Meter 304_ Kanakadurga Finance Limited color: Green
Meter 305_ Kanakadurga Finance Limited color: Green
Meter 307_TRUEPROFIT_DISTRIBUTORS_LLP color: Green
Meter 308_DELTA_TOOLING'S color: Green
Meter 3FA1_2F1_SPARE color: Green
Meter 3FA1_2F2_SHOP-316 color: Green
Meter 3FA1_2F2_SPARE color: Green
Meter 3FA1_2F3_SHOP-303 color: Green
Meter 3FA1_2F4_SHOP-318-1 color: Green
Meter 3FA2_1F2_SHOP-314 color: Green
Meter 3FA2_1F3_SHOP-306 color: Green
Meter 3FA2_1F4_SHOP-313 color: Green
Meter 3FA2_2F1_SPARE color: Green
Meter 3FA2_2F2_SPARE color: Green
Meter 3FA2_2F3_SHOP-311 color: Green
Meter 3FA2_2F3_SHOP-312 color: Green
Meter 3FA2_2F4_SHOP SPARE color: Green
Meter 3FA2_2F4_SHOP-315 color: Green
Meter 3FA2_2F5_SHOP-308 color: Green
Meter 3FA2_2F5_SHOP-309 color: Green
Gateway== FDP-4FA1 & 4FA2
Meter 401_Yokogawa color: Green
Meter 402_SHREE_PRAKASH_AGENCIES color: Green
Meter 403_MLSHAH & CO color: Green
Meter 404_ color: Green
Meter 404_S A PATEL color: Green
Meter 406_N.R_PARIKH_AND_C.O'S color: Green
Meter 408_ color: Green
Meter 411_THAKKAR GLOBAL PVT LTD color: Green
Meter 4FA1_1F2_SHOP-401 color: Green
Meter 4FA1_1F2_SHOP-403 color: Green
Meter 4FA1_2F3_SHOP-419 color: Green
Meter 4FA1_2F4_SHOP-402 color: Green
Meter 4FA1_2F4_SHOP-418 color: Green
Meter 4FA2_1F2_SPARE color: Green
Meter 4FA2_1F3_SPARE color: Green
Meter 4FA2_1F4_OFFICE-405 color: Green
Meter 4FA2_1F4_SHOP-409 color: Green
Meter 4FA2_2F1_SPARE color: Green
Meter 4FA2_2F2_SPARE color: Green
Meter 4FA2_2F3_SHOP-411 color: Green
Meter 4FA2_2F3_SHOP-413 color: Green
Meter 4FA2_2F3_SHOP-417 color: Green
Meter 4FA2_2F4_SHOP-405 & 406 color: Green
Meter 401_Yokogawa color: Green
Meter 402_SHREE_PRAKASH_AGENCIES color: Green
Meter 403_MLSHAH & CO color: Green
Meter 404_ color: Green
Meter 404_S A PATEL color: Green
Meter 406_N.R_PARIKH_AND_C.O'S color: Green
Meter 408_ color: Green
Meter 411_THAKKAR GLOBAL PVT LTD color: Green
Meter 4FA1_1F2_SHOP-401 color: Green
Meter 4FA1_1F2_SHOP-403 color: Green
Meter 4FA1_2F3_SHOP-419 color: Green
Meter 4FA1_2F4_SHOP-402 color: Green
Meter 4FA1_2F4_SHOP-418 color: Green
Meter 4FA2_1F2_SPARE color: Green
Meter 4FA2_1F3_SPARE color: Green
Meter 4FA2_1F4_OFFICE-405 color: Green
Meter 4FA2_1F4_SHOP-409 color: Green
Meter 4FA2_2F1_SPARE color: Green
Meter 4FA2_2F2_SPARE color: Green
Meter 4FA2_2F3_SHOP-411 color: Green
Meter 4FA2_2F3_SHOP-413 color: Green
Meter 4FA2_2F3_SHOP-417 color: Green
Meter 4FA2_2F4_SHOP-405 & 406 color: Green
Meter 401_Yokogawa color: Green
Meter 402_SHREE_PRAKASH_AGENCIES color: Green
Meter 403_MLSHAH & CO color: Green
Meter 404_ color: Green
Meter 404_S A PATEL color: Green
Meter 406_N.R_PARIKH_AND_C.O'S color: Green
Meter 408_ color: Green
Meter 411_THAKKAR GLOBAL PVT LTD color: Green
Meter 4FA1_1F2_SHOP-401 color: Green
Meter 4FA1_1F2_SHOP-403 color: Green
Meter 4FA1_2F3_SHOP-419 color: Green
Meter 4FA1_2F4_SHOP-402 color: Green
Meter 4FA1_2F4_SHOP-418 color: Green
Meter 4FA2_1F2_SPARE color: Green
Meter 4FA2_1F3_SPARE color: Green
Meter 4FA2_1F4_OFFICE-405 color: Green
Meter 4FA2_1F4_SHOP-409 color: Green
Meter 4FA2_2F1_SPARE color: Green
Meter 4FA2_2F2_SPARE color: Green
Meter 4FA2_2F3_SHOP-411 color: Green
Meter 4FA2_2F3_SHOP-413 color: Green
Meter 4FA2_2F3_SHOP-417 color: Green
Meter 4FA2_2F4_SHOP-405 & 406 color: Green
Meter 401_Yokogawa color: Green
Meter 402_SHREE_PRAKASH_AGENCIES color: Green
Meter 403_MLSHAH & CO color: Green
Meter 404_ color: Green
Meter 404_S A PATEL color: Green
Meter 406_N.R_PARIKH_AND_C.O'S color: Green
Meter 408_ color: Green
Meter 411_THAKKAR GLOBAL PVT LTD color: Green
Meter 4FA1_1F2_SHOP-401 color: Green
Meter 4FA1_1F2_SHOP-403 color: Green
Meter 4FA1_2F3_SHOP-419 color: Green
Meter 4FA1_2F4_SHOP-402 color: Green
Meter 4FA1_2F4_SHOP-418 color: Green
Meter 4FA2_1F2_SPARE color: Green
Meter 4FA2_1F3_SPARE color: Green
Meter 4FA2_1F4_OFFICE-405 color: Green
Meter 4FA2_1F4_SHOP-409 color: Green
Meter 4FA2_2F1_SPARE color: Green
Meter 4FA2_2F2_SPARE color: Green
Meter 4FA2_2F3_SHOP-411 color: Green
Meter 4FA2_2F3_SHOP-413 color: Green
Meter 4FA2_2F3_SHOP-417 color: Green
Meter 4FA2_2F4_SHOP-405 & 406 color: Green
Meter 401_Yokogawa color: Green
Meter 402_SHREE_PRAKASH_AGENCIES color: Green
Meter 403_MLSHAH & CO color: Green
Meter 404_ color: Green
Meter 404_S A PATEL color: Green
Meter 406_N.R_PARIKH_AND_C.O'S color: Green
Meter 408_ color: Green
Meter 411_THAKKAR GLOBAL PVT LTD color: Green
Meter 4FA1_1F2_SHOP-401 color: Green
Meter 4FA1_1F2_SHOP-403 color: Green
Meter 4FA1_2F3_SHOP-419 color: Green
Meter 4FA1_2F4_SHOP-402 color: Green
Meter 4FA1_2F4_SHOP-418 color: Green
Meter 4FA2_1F2_SPARE color: Green
Meter 4FA2_1F3_SPARE color: Green
Meter 4FA2_1F4_OFFICE-405 color: Green
Meter 4FA2_1F4_SHOP-409 color: Green
Meter 4FA2_2F1_SPARE color: Green
Meter 4FA2_2F2_SPARE color: Green
Meter 4FA2_2F3_SHOP-411 color: Green
Meter 4FA2_2F3_SHOP-413 color: Green
Meter 4FA2_2F3_SHOP-417 color: Green
Meter 4FA2_2F4_SHOP-405 & 406 color: Green
Meter 401_Yokogawa color: Green
Meter 402_SHREE_PRAKASH_AGENCIES color: Green
Meter 403_MLSHAH & CO color: Green
Meter 404_ color: Green
Meter 404_S A PATEL color: Green
Meter 406_N.R_PARIKH_AND_C.O'S color: Green
Meter 408_ color: Green
Meter 411_THAKKAR GLOBAL PVT LTD color: Green
Meter 4FA1_1F2_SHOP-401 color: Green
Meter 4FA1_1F2_SHOP-403 color: Green
Meter 4FA1_2F3_SHOP-419 color: Green
Meter 4FA1_2F4_SHOP-402 color: Green
Meter 4FA1_2F4_SHOP-418 color: Green
Meter 4FA2_1F2_SPARE color: Green
Meter 4FA2_1F3_SPARE color: Green
Meter 4FA2_1F4_OFFICE-405 color: Green
Meter 4FA2_1F4_SHOP-409 color: Green
Meter 4FA2_2F1_SPARE color: Green
Meter 4FA2_2F2_SPARE color: Green
Meter 4FA2_2F3_SHOP-411 color: Green
Meter 4FA2_2F3_SHOP-413 color: Green
Meter 4FA2_2F3_SHOP-417 color: Green
Meter 4FA2_2F4_SHOP-405 & 406 color: Green
Meter 401_Yokogawa color: Green
Meter 402_SHREE_PRAKASH_AGENCIES color: Green
Meter 403_MLSHAH & CO color: Green
Meter 404_ color: Green
Meter 404_S A PATEL color: Green
Meter 406_N.R_PARIKH_AND_C.O'S color: Green
Meter 408_ color: Green
Meter 411_THAKKAR GLOBAL PVT LTD color: Green
Meter 4FA1_1F2_SHOP-401 color: Green
Meter 4FA1_1F2_SHOP-403 color: Green
Meter 4FA1_2F3_SHOP-419 color: Green
Meter 4FA1_2F4_SHOP-402 color: Green
Meter 4FA1_2F4_SHOP-418 color: Green
Meter 4FA2_1F2_SPARE color: Green
Meter 4FA2_1F3_SPARE color: Green
Meter 4FA2_1F4_OFFICE-405 color: Green
Meter 4FA2_1F4_SHOP-409 color: Green
Meter 4FA2_2F1_SPARE color: Green
Meter 4FA2_2F2_SPARE color: Green
Meter 4FA2_2F3_SHOP-411 color: Green
Meter 4FA2_2F3_SHOP-413 color: Green
Meter 4FA2_2F3_SHOP-417 color: Green
Meter 4FA2_2F4_SHOP-405 & 406 color: Green
Meter 401_Yokogawa color: Green
Meter 402_SHREE_PRAKASH_AGENCIES color: Green
Meter 403_MLSHAH & CO color: Green
Meter 404_ color: Green
Meter 404_S A PATEL color: Green
Meter 406_N.R_PARIKH_AND_C.O'S color: Green
Meter 408_ color: Green
Meter 411_THAKKAR GLOBAL PVT LTD color: Green
Meter 4FA1_1F2_SHOP-401 color: Green
Meter 4FA1_1F2_SHOP-403 color: Green
Meter 4FA1_2F3_SHOP-419 color: Green
Meter 4FA1_2F4_SHOP-402 color: Green
Meter 4FA1_2F4_SHOP-418 color: Green
Meter 4FA2_1F2_SPARE color: Green
Meter 4FA2_1F3_SPARE color: Green
Meter 4FA2_1F4_OFFICE-405 color: Green
Meter 4FA2_1F4_SHOP-409 color: Green
Meter 4FA2_2F1_SPARE color: Green
Meter 4FA2_2F2_SPARE color: Green
Meter 4FA2_2F3_SHOP-411 color: Green
Meter 4FA2_2F3_SHOP-413 color: Green
Meter 4FA2_2F3_SHOP-417 color: Green
Meter 4FA2_2F4_SHOP-405 & 406 color: Green
Meter 401_Yokogawa color: Green
Meter 402_SHREE_PRAKASH_AGENCIES color: Green
Meter 403_MLSHAH & CO color: Green
Meter 404_ color: Green
Meter 404_S A PATEL color: Green
Meter 406_N.R_PARIKH_AND_C.O'S color: Green
Meter 408_ color: Green
Meter 411_THAKKAR GLOBAL PVT LTD color: Green
Meter 4FA1_1F2_SHOP-401 color: Green
Meter 4FA1_1F2_SHOP-403 color: Green
Meter 4FA1_2F3_SHOP-419 color: Green
Meter 4FA1_2F4_SHOP-402 color: Green
Meter 4FA1_2F4_SHOP-418 color: Green
Meter 4FA2_1F2_SPARE color: Green
Meter 4FA2_1F3_SPARE color: Green
Meter 4FA2_1F4_OFFICE-405 color: Green
Meter 4FA2_1F4_SHOP-409 color: Green
Meter 4FA2_2F1_SPARE color: Green
Meter 4FA2_2F2_SPARE color: Green
Meter 4FA2_2F3_SHOP-411 color: Green
Meter 4FA2_2F3_SHOP-413 color: Green
Meter 4FA2_2F3_SHOP-417 color: Green
Meter 4FA2_2F4_SHOP-405 & 406 color: Green
Meter 401_Yokogawa color: Green
Meter 402_SHREE_PRAKASH_AGENCIES color: Green
Meter 403_MLSHAH & CO color: Green
Meter 404_ color: Green
Meter 404_S A PATEL color: Green
Meter 406_N.R_PARIKH_AND_C.O'S color: Green
Meter 408_ color: Green
Meter 411_THAKKAR GLOBAL PVT LTD color: Green
Meter 4FA1_1F2_SHOP-401 color: Green
Meter 4FA1_1F2_SHOP-403 color: Green
Meter 4FA1_2F3_SHOP-419 color: Green
Meter 4FA1_2F4_SHOP-402 color: Green
Meter 4FA1_2F4_SHOP-418 color: Green
Meter 4FA2_1F2_SPARE color: Green
Meter 4FA2_1F3_SPARE color: Green
Meter 4FA2_1F4_OFFICE-405 color: Green
Meter 4FA2_1F4_SHOP-409 color: Green
Meter 4FA2_2F1_SPARE color: Green
Meter 4FA2_2F2_SPARE color: Green
Meter 4FA2_2F3_SHOP-411 color: Green
Meter 4FA2_2F3_SHOP-413 color: Green
Meter 4FA2_2F3_SHOP-417 color: Green
Meter 4FA2_2F4_SHOP-405 & 406 color: Green
Meter 401_Yokogawa color: Green
Meter 402_SHREE_PRAKASH_AGENCIES color: Green
Meter 403_MLSHAH & CO color: Green
Meter 404_ color: Green
Meter 404_S A PATEL color: Green
Meter 406_N.R_PARIKH_AND_C.O'S color: Green
Meter 408_ color: Green
Meter 411_THAKKAR GLOBAL PVT LTD color: Green
Meter 4FA1_1F2_SHOP-401 color: Green
Meter 4FA1_1F2_SHOP-403 color: Green
Meter 4FA1_2F3_SHOP-419 color: Green
Meter 4FA1_2F4_SHOP-402 color: Green
Meter 4FA1_2F4_SHOP-418 color: Green
Meter 4FA2_1F2_SPARE color: Green
Meter 4FA2_1F3_SPARE color: Green
Meter 4FA2_1F4_OFFICE-405 color: Green
Meter 4FA2_1F4_SHOP-409 color: Green
Meter 4FA2_2F1_SPARE color: Green
Meter 4FA2_2F2_SPARE color: Green
Meter 4FA2_2F3_SHOP-411 color: Green
Meter 4FA2_2F3_SHOP-413 color: Green
Meter 4FA2_2F3_SHOP-417 color: Green
Meter 4FA2_2F4_SHOP-405 & 406 color: Green
Meter 401_Yokogawa color: Green
Meter 402_SHREE_PRAKASH_AGENCIES color: Green
Meter 403_MLSHAH & CO color: Green
Meter 404_ color: Green
Meter 404_S A PATEL color: Green
Meter 406_N.R_PARIKH_AND_C.O'S color: Green
Meter 408_ color: Green
Meter 411_THAKKAR GLOBAL PVT LTD color: Green
Meter 4FA1_1F2_SHOP-401 color: Green
Meter 4FA1_1F2_SHOP-403 color: Green
Meter 4FA1_2F3_SHOP-419 color: Green
Meter 4FA1_2F4_SHOP-402 color: Green
Meter 4FA1_2F4_SHOP-418 color: Green
Meter 4FA2_1F2_SPARE color: Green
Meter 4FA2_1F3_SPARE color: Green
Meter 4FA2_1F4_OFFICE-405 color: Green
Meter 4FA2_1F4_SHOP-409 color: Green
Meter 4FA2_2F1_SPARE color: Green
Meter 4FA2_2F2_SPARE color: Green
Meter 4FA2_2F3_SHOP-411 color: Green
Meter 4FA2_2F3_SHOP-413 color: Green
Meter 4FA2_2F3_SHOP-417 color: Green
Meter 4FA2_2F4_SHOP-405 & 406 color: Green
Meter 401_Yokogawa color: Green
Meter 402_SHREE_PRAKASH_AGENCIES color: Green
Meter 403_MLSHAH & CO color: Green
Meter 404_ color: Green
Meter 404_S A PATEL color: Green
Meter 406_N.R_PARIKH_AND_C.O'S color: Green
Meter 408_ color: Green
Meter 411_THAKKAR GLOBAL PVT LTD color: Green
Meter 4FA1_1F2_SHOP-401 color: Green
Meter 4FA1_1F2_SHOP-403 color: Green
Meter 4FA1_2F3_SHOP-419 color: Green
Meter 4FA1_2F4_SHOP-402 color: Green
Meter 4FA1_2F4_SHOP-418 color: Green
Meter 4FA2_1F2_SPARE color: Green
Meter 4FA2_1F3_SPARE color: Green
Meter 4FA2_1F4_OFFICE-405 color: Green
Meter 4FA2_1F4_SHOP-409 color: Green
Meter 4FA2_2F1_SPARE color: Green
Meter 4FA2_2F2_SPARE color: Green
Meter 4FA2_2F3_SHOP-411 color: Green
Meter 4FA2_2F3_SHOP-413 color: Green
Meter 4FA2_2F3_SHOP-417 color: Green
Meter 4FA2_2F4_SHOP-405 & 406 color: Green
Meter 401_Yokogawa color: Green
Meter 402_SHREE_PRAKASH_AGENCIES color: Green
Meter 403_MLSHAH & CO color: Green
Meter 404_ color: Green
Meter 404_S A PATEL color: Green
Meter 406_N.R_PARIKH_AND_C.O'S color: Green
Meter 408_ color: Green
Meter 411_THAKKAR GLOBAL PVT LTD color: Green
Meter 4FA1_1F2_SHOP-401 color: Green
Meter 4FA1_1F2_SHOP-403 color: Green
Meter 4FA1_2F3_SHOP-419 color: Green
Meter 4FA1_2F4_SHOP-402 color: Green
Meter 4FA1_2F4_SHOP-418 color: Green
Meter 4FA2_1F2_SPARE color: Green
Meter 4FA2_1F3_SPARE color: Green
Meter 4FA2_1F4_OFFICE-405 color: Green
Meter 4FA2_1F4_SHOP-409 color: Green
Meter 4FA2_2F1_SPARE color: Green
Meter 4FA2_2F2_SPARE color: Green
Meter 4FA2_2F3_SHOP-411 color: Green
Meter 4FA2_2F3_SHOP-413 color: Green
Meter 4FA2_2F3_SHOP-417 color: Green
Meter 4FA2_2F4_SHOP-405 & 406 color: Green
Meter 401_Yokogawa color: Green
Meter 402_SHREE_PRAKASH_AGENCIES color: Green
Meter 403_MLSHAH & CO color: Green
Meter 404_ color: Green
Meter 404_S A PATEL color: Green
Meter 406_N.R_PARIKH_AND_C.O'S color: Green
Meter 408_ color: Green
Meter 411_THAKKAR GLOBAL PVT LTD color: Green
Meter 4FA1_1F2_SHOP-401 color: Green
Meter 4FA1_1F2_SHOP-403 color: Green
Meter 4FA1_2F3_SHOP-419 color: Green
Meter 4FA1_2F4_SHOP-402 color: Green
Meter 4FA1_2F4_SHOP-418 color: Green
Meter 4FA2_1F2_SPARE color: Green
Meter 4FA2_1F3_SPARE color: Green
Meter 4FA2_1F4_OFFICE-405 color: Green
Meter 4FA2_1F4_SHOP-409 color: Green
Meter 4FA2_2F1_SPARE color: Green
Meter 4FA2_2F2_SPARE color: Green
Meter 4FA2_2F3_SHOP-411 color: Green
Meter 4FA2_2F3_SHOP-413 color: Green
Meter 4FA2_2F3_SHOP-417 color: Green
Meter 4FA2_2F4_SHOP-405 & 406 color: Green
Meter 401_Yokogawa color: Green
Meter 402_SHREE_PRAKASH_AGENCIES color: Green
Meter 403_MLSHAH & CO color: Green
Meter 404_ color: Green
Meter 404_S A PATEL color: Green
Meter 406_N.R_PARIKH_AND_C.O'S color: Green
Meter 408_ color: Green
Meter 411_THAKKAR GLOBAL PVT LTD color: Green
Meter 4FA1_1F2_SHOP-401 color: Green
Meter 4FA1_1F2_SHOP-403 color: Green
Meter 4FA1_2F3_SHOP-419 color: Green
Meter 4FA1_2F4_SHOP-402 color: Green
Meter 4FA1_2F4_SHOP-418 color: Green
Meter 4FA2_1F2_SPARE color: Green
Meter 4FA2_1F3_SPARE color: Green
Meter 4FA2_1F4_OFFICE-405 color: Green
Meter 4FA2_1F4_SHOP-409 color: Green
Meter 4FA2_2F1_SPARE color: Green
Meter 4FA2_2F2_SPARE color: Green
Meter 4FA2_2F3_SHOP-411 color: Green
Meter 4FA2_2F3_SHOP-413 color: Green
Meter 4FA2_2F3_SHOP-417 color: Green
Meter 4FA2_2F4_SHOP-405 & 406 color: Green
Meter 401_Yokogawa color: Green
Meter 402_SHREE_PRAKASH_AGENCIES color: Green
Meter 403_MLSHAH & CO color: Green
Meter 404_ color: Green
Meter 404_S A PATEL color: Green
Meter 406_N.R_PARIKH_AND_C.O'S color: Green
Meter 408_ color: Green
Meter 411_THAKKAR GLOBAL PVT LTD color: Green
Meter 4FA1_1F2_SHOP-401 color: Green
Meter 4FA1_1F2_SHOP-403 color: Green
Meter 4FA1_2F3_SHOP-419 color: Green
Meter 4FA1_2F4_SHOP-402 color: Green
Meter 4FA1_2F4_SHOP-418 color: Green
Meter 4FA2_1F2_SPARE color: Green
Meter 4FA2_1F3_SPARE color: Green
Meter 4FA2_1F4_OFFICE-405 color: Green
Meter 4FA2_1F4_SHOP-409 color: Green
Meter 4FA2_2F1_SPARE color: Green
Meter 4FA2_2F2_SPARE color: Green
Meter 4FA2_2F3_SHOP-411 color: Green
Meter 4FA2_2F3_SHOP-413 color: Green
Meter 4FA2_2F3_SHOP-417 color: Green
Meter 4FA2_2F4_SHOP-405 & 406 color: Green
Meter 401_Yokogawa color: Green
Meter 402_SHREE_PRAKASH_AGENCIES color: Green
Meter 403_MLSHAH & CO color: Green
Meter 404_ color: Green
Meter 404_S A PATEL color: Green
Meter 406_N.R_PARIKH_AND_C.O'S color: Green
Meter 408_ color: Green
Meter 411_THAKKAR GLOBAL PVT LTD color: Green
Meter 4FA1_1F2_SHOP-401 color: Green
Meter 4FA1_1F2_SHOP-403 color: Green
Meter 4FA1_2F3_SHOP-419 color: Green
Meter 4FA1_2F4_SHOP-402 color: Green
Meter 4FA1_2F4_SHOP-418 color: Green
Meter 4FA2_1F2_SPARE color: Green
Meter 4FA2_1F3_SPARE color: Green
Meter 4FA2_1F4_OFFICE-405 color: Green
Meter 4FA2_1F4_SHOP-409 color: Green
Meter 4FA2_2F1_SPARE color: Green
Meter 4FA2_2F2_SPARE color: Green
Meter 4FA2_2F3_SHOP-411 color: Green
Meter 4FA2_2F3_SHOP-413 color: Green
Meter 4FA2_2F3_SHOP-417 color: Green
Meter 4FA2_2F4_SHOP-405 & 406 color: Green
Meter 401_Yokogawa color: Green
Meter 402_SHREE_PRAKASH_AGENCIES color: Green
Meter 403_MLSHAH & CO color: Green
Meter 404_ color: Green
Meter 404_S A PATEL color: Green
Meter 406_N.R_PARIKH_AND_C.O'S color: Green
Meter 408_ color: Green
Meter 411_THAKKAR GLOBAL PVT LTD color: Green
Meter 4FA1_1F2_SHOP-401 color: Green
Meter 4FA1_1F2_SHOP-403 color: Green
Meter 4FA1_2F3_SHOP-419 color: Green
Meter 4FA1_2F4_SHOP-402 color: Green
Meter 4FA1_2F4_SHOP-418 color: Green
Meter 4FA2_1F2_SPARE color: Green
Meter 4FA2_1F3_SPARE color: Green
Meter 4FA2_1F4_OFFICE-405 color: Green
Meter 4FA2_1F4_SHOP-409 color: Green
Meter 4FA2_2F1_SPARE color: Green
Meter 4FA2_2F2_SPARE color: Green
Meter 4FA2_2F3_SHOP-411 color: Green
Meter 4FA2_2F3_SHOP-413 color: Green
Meter 4FA2_2F3_SHOP-417 color: Green
Meter 4FA2_2F4_SHOP-405 & 406 color: Green
Meter 401_Yokogawa color: Green
Meter 402_SHREE_PRAKASH_AGENCIES color: Green
Meter 403_MLSHAH & CO color: Green
Meter 404_ color: Green
Meter 404_S A PATEL color: Green
Meter 406_N.R_PARIKH_AND_C.O'S color: Green
Meter 408_ color: Green
Meter 411_THAKKAR GLOBAL PVT LTD color: Green
Meter 4FA1_1F2_SHOP-401 color: Green
Meter 4FA1_1F2_SHOP-403 color: Green
Meter 4FA1_2F3_SHOP-419 color: Green
Meter 4FA1_2F4_SHOP-402 color: Green
Meter 4FA1_2F4_SHOP-418 color: Green
Meter 4FA2_1F2_SPARE color: Green
Meter 4FA2_1F3_SPARE color: Green
Meter 4FA2_1F4_OFFICE-405 color: Green
Meter 4FA2_1F4_SHOP-409 color: Green
Meter 4FA2_2F1_SPARE color: Green
Meter 4FA2_2F2_SPARE color: Green
Meter 4FA2_2F3_SHOP-411 color: Green
Meter 4FA2_2F3_SHOP-413 color: Green
Meter 4FA2_2F3_SHOP-417 color: Green
Meter 4FA2_2F4_SHOP-405 & 406 color: Green
Meter 401_Yokogawa color: Green
Meter 402_SHREE_PRAKASH_AGENCIES color: Green
Meter 403_MLSHAH & CO color: Green
Meter 404_ color: Green
Meter 404_S A PATEL color: Green
Meter 406_N.R_PARIKH_AND_C.O'S color: Green
Meter 408_ color: Green
Meter 411_THAKKAR GLOBAL PVT LTD color: Green
Meter 4FA1_1F2_SHOP-401 color: Green
Meter 4FA1_1F2_SHOP-403 color: Green
Meter 4FA1_2F3_SHOP-419 color: Green
Meter 4FA1_2F4_SHOP-402 color: Green
Meter 4FA1_2F4_SHOP-418 color: Green
Meter 4FA2_1F2_SPARE color: Green
Meter 4FA2_1F3_SPARE color: Green
Meter 4FA2_1F4_OFFICE-405 color: Green
Meter 4FA2_1F4_SHOP-409 color: Green
Meter 4FA2_2F1_SPARE color: Green
Meter 4FA2_2F2_SPARE color: Green
Meter 4FA2_2F3_SHOP-411 color: Green
Meter 4FA2_2F3_SHOP-413 color: Green
Meter 4FA2_2F3_SHOP-417 color: Green
Meter 4FA2_2F4_SHOP-405 & 406 color: Green
Meter 401_Yokogawa color: Green
Meter 402_SHREE_PRAKASH_AGENCIES color: Green
Meter 403_MLSHAH & CO color: Green
Meter 404_ color: Green
Meter 404_S A PATEL color: Green
Meter 406_N.R_PARIKH_AND_C.O'S color: Green
Meter 408_ color: Green
Meter 411_THAKKAR GLOBAL PVT LTD color: Green
Meter 4FA1_1F2_SHOP-401 color: Green
Meter 4FA1_1F2_SHOP-403 color: Green
Meter 4FA1_2F3_SHOP-419 color: Green
Meter 4FA1_2F4_SHOP-402 color: Green
Meter 4FA1_2F4_SHOP-418 color: Green
Meter 4FA2_1F2_SPARE color: Green
Meter 4FA2_1F3_SPARE color: Green
Meter 4FA2_1F4_OFFICE-405 color: Green
Meter 4FA2_1F4_SHOP-409 color: Green
Meter 4FA2_2F1_SPARE color: Green
Meter 4FA2_2F2_SPARE color: Green
Meter 4FA2_2F3_SHOP-411 color: Green
Meter 4FA2_2F3_SHOP-413 color: Green
Meter 4FA2_2F3_SHOP-417 color: Green
Meter 4FA2_2F4_SHOP-405 & 406 color: Green
Meter 401_Yokogawa color: Green
Meter 402_SHREE_PRAKASH_AGENCIES color: Green
Meter 403_MLSHAH & CO color: Green
Meter 404_ color: Green
Meter 404_S A PATEL color: Green
Meter 406_N.R_PARIKH_AND_C.O'S color: Green
Meter 408_ color: Green
Meter 411_THAKKAR GLOBAL PVT LTD color: Green
Meter 4FA1_1F2_SHOP-401 color: Green
Meter 4FA1_1F2_SHOP-403 color: Green
Meter 4FA1_2F3_SHOP-419 color: Green
Meter 4FA1_2F4_SHOP-402 color: Green
Meter 4FA1_2F4_SHOP-418 color: Green
Meter 4FA2_1F2_SPARE color: Green
Meter 4FA2_1F3_SPARE color: Green
Meter 4FA2_1F4_OFFICE-405 color: Green
Meter 4FA2_1F4_SHOP-409 color: Green
Meter 4FA2_2F1_SPARE color: Green
Meter 4FA2_2F2_SPARE color: Green
Meter 4FA2_2F3_SHOP-411 color: Green
Meter 4FA2_2F3_SHOP-413 color: Green
Meter 4FA2_2F3_SHOP-417 color: Green
Meter 4FA2_2F4_SHOP-405 & 406 color: Green
Gateway== FDP-5FA1
Meter 501_Metso color: Green
Meter 502_Metso color: Green
Meter 501_Metso color: Green
Meter 502_Metso color: Green
Gateway== FDP-6FA
Meter 1F2_OUTGOING color: Green
Gateway== GF_METER_PANEL_TOWER-A
Meter 2F1_Q1 CAFE NEAR MAX color: Green
Meter 2F1_Q2 CAFE NEAR CROMA color: Green
Meter 2F2_MAX color: Green
Meter 2F3_PANTALOONS color: Green
Meter 2F4_CROMA(1) color: Green
Meter 3F1_Q3 CAFE NEAR M&S color: Green
Meter 3F1_Q4 CAFE NEAR PANTALOONS color: Green
Meter 3F2_SPACE color: Green
Meter 3F3_METER PANEL-1F FDP-1FA color: Green
Meter 3F4_M&S color: Green
Meter 2F1_Q1 CAFE NEAR MAX color: Green
Meter 2F1_Q2 CAFE NEAR CROMA color: Green
Meter 2F2_MAX color: Green
Meter 2F3_PANTALOONS color: Green
Meter 2F4_CROMA(1) color: Green
Meter 3F1_Q3 CAFE NEAR M&S color: Green
Meter 3F1_Q4 CAFE NEAR PANTALOONS color: Green
Meter 3F2_SPACE color: Green
Meter 3F3_METER PANEL-1F FDP-1FA color: Green
Meter 3F4_M&S color: Green
Meter 2F1_Q1 CAFE NEAR MAX color: Green
Meter 2F1_Q2 CAFE NEAR CROMA color: Green
Meter 2F2_MAX color: Green
Meter 2F3_PANTALOONS color: Green
Meter 2F4_CROMA(1) color: Green
Meter 3F1_Q3 CAFE NEAR M&S color: Green
Meter 3F1_Q4 CAFE NEAR PANTALOONS color: Green
Meter 3F2_SPACE color: Green
Meter 3F3_METER PANEL-1F FDP-1FA color: Green
Meter 3F4_M&S color: Green
Meter 2F1_Q1 CAFE NEAR MAX color: Green
Meter 2F1_Q2 CAFE NEAR CROMA color: Green
Meter 2F2_MAX color: Green
Meter 2F3_PANTALOONS color: Green
Meter 2F4_CROMA(1) color: Green
Meter 3F1_Q3 CAFE NEAR M&S color: Green
Meter 3F1_Q4 CAFE NEAR PANTALOONS color: Green
Meter 3F2_SPACE color: Green
Meter 3F3_METER PANEL-1F FDP-1FA color: Green
Meter 3F4_M&S color: Green
Meter 2F1_Q1 CAFE NEAR MAX color: Green
Meter 2F1_Q2 CAFE NEAR CROMA color: Green
Meter 2F2_MAX color: Green
Meter 2F3_PANTALOONS color: Green
Meter 2F4_CROMA(1) color: Green
Meter 3F1_Q3 CAFE NEAR M&S color: Green
Meter 3F1_Q4 CAFE NEAR PANTALOONS color: Green
Meter 3F2_SPACE color: Green
Meter 3F3_METER PANEL-1F FDP-1FA color: Green
Meter 3F4_M&S color: Green
Meter 2F1_Q1 CAFE NEAR MAX color: Green
Meter 2F1_Q2 CAFE NEAR CROMA color: Green
Meter 2F2_MAX color: Green
Meter 2F3_PANTALOONS color: Green
Meter 2F4_CROMA(1) color: Green
Meter 3F1_Q3 CAFE NEAR M&S color: Green
Meter 3F1_Q4 CAFE NEAR PANTALOONS color: Green
Meter 3F2_SPACE color: Green
Meter 3F3_METER PANEL-1F FDP-1FA color: Green
Meter 3F4_M&S color: Green
Meter 2F1_Q1 CAFE NEAR MAX color: Green
Meter 2F1_Q2 CAFE NEAR CROMA color: Green
Meter 2F2_MAX color: Green
Meter 2F3_PANTALOONS color: Green
Meter 2F4_CROMA(1) color: Green
Meter 3F1_Q3 CAFE NEAR M&S color: Green
Meter 3F1_Q4 CAFE NEAR PANTALOONS color: Green
Meter 3F2_SPACE color: Green
Meter 3F3_METER PANEL-1F FDP-1FA color: Green
Meter 3F4_M&S color: Green
Meter 2F1_Q1 CAFE NEAR MAX color: Green
Meter 2F1_Q2 CAFE NEAR CROMA color: Green
Meter 2F2_MAX color: Green
Meter 2F3_PANTALOONS color: Green
Meter 2F4_CROMA(1) color: Green
Meter 3F1_Q3 CAFE NEAR M&S color: Green
Meter 3F1_Q4 CAFE NEAR PANTALOONS color: Green
Meter 3F2_SPACE color: Green
Meter 3F3_METER PANEL-1F FDP-1FA color: Green
Meter 3F4_M&S color: Green
Meter 2F1_Q1 CAFE NEAR MAX color: Green
Meter 2F1_Q2 CAFE NEAR CROMA color: Green
Meter 2F2_MAX color: Green
Meter 2F3_PANTALOONS color: Green
Meter 2F4_CROMA(1) color: Green
Meter 3F1_Q3 CAFE NEAR M&S color: Green
Meter 3F1_Q4 CAFE NEAR PANTALOONS color: Green
Meter 3F2_SPACE color: Green
Meter 3F3_METER PANEL-1F FDP-1FA color: Green
Meter 3F4_M&S color: Green
Meter 2F1_Q1 CAFE NEAR MAX color: Green
Meter 2F1_Q2 CAFE NEAR CROMA color: Green
Meter 2F2_MAX color: Green
Meter 2F3_PANTALOONS color: Green
Meter 2F4_CROMA(1) color: Green
Meter 3F1_Q3 CAFE NEAR M&S color: Green
Meter 3F1_Q4 CAFE NEAR PANTALOONS color: Green
Meter 3F2_SPACE color: Green
Meter 3F3_METER PANEL-1F FDP-1FA color: Green
Meter 3F4_M&S color: Green
Gateway== Life Safety Panel
Meter 1F1_fire_fighting_panel color: Green
Meter 2F1_elevator_panel color: Green
Meter 2F3_elevator_panel color: Green
Meter 2F4_60KVA UPS color: Green
Meter 1F1_fire_fighting_panel color: Green
Meter 2F1_elevator_panel color: Green
Meter 2F3_elevator_panel color: Green
Meter 2F4_60KVA UPS color: Green
Meter 1F1_fire_fighting_panel color: Green
Meter 2F1_elevator_panel color: Green
Meter 2F3_elevator_panel color: Green
Meter 2F4_60KVA UPS color: Green
Meter 1F1_fire_fighting_panel color: Green
Meter 2F1_elevator_panel color: Green
Meter 2F3_elevator_panel color: Green
Meter 2F4_60KVA UPS color: Green
Gateway== MAIN_LT_PANEL-1
Meter 3F-1_COMMON LIGHTNING AND POWER PANEL color: Green
Meter 3F-3_BASEMENT1 VENTILATION PANEL color: Green
Meter 3F2_BASEMENT 2 VENTILATION PANEL color: Green
Meter 4F-2_LIFE SAFET PANEL color: Green
Meter 7F-1_METERING AND INDICATION color: Green
Meter 8F-1_SPARE color: Green
Meter 8F-2_SPARE color: Green
Meter 8F-4_TERRACE PANEL color: Green
Meter 8F-5_PLUMBING PANEL color: Green
Meter 9F-2_SPARE color: Green
Meter 9F-3_SPARE color: Green
Meter 9F-4_SOLAR INVERTER FEEDER color: Green
Meter 9F-5_SPARE color: Green
Meter LT_PANEL_1_DG_INCOMER color: Green
Meter LT_PANEL_1_EB_INCOMER color: Green
Meter TOWER_A_2ND_FLOOR_FEEDER color: Green
Meter TOWER_A_GF_FEEDER color: Green
Meter 3F-1_COMMON LIGHTNING AND POWER PANEL color: Green
Meter 3F-3_BASEMENT1 VENTILATION PANEL color: Green
Meter 3F2_BASEMENT 2 VENTILATION PANEL color: Green
Meter 4F-2_LIFE SAFET PANEL color: Green
Meter 7F-1_METERING AND INDICATION color: Green
Meter 8F-1_SPARE color: Green
Meter 8F-2_SPARE color: Green
Meter 8F-4_TERRACE PANEL color: Green
Meter 8F-5_PLUMBING PANEL color: Green
Meter 9F-2_SPARE color: Green
Meter 9F-3_SPARE color: Green
Meter 9F-4_SOLAR INVERTER FEEDER color: Green
Meter 9F-5_SPARE color: Green
Meter LT_PANEL_1_DG_INCOMER color: Green
Meter LT_PANEL_1_EB_INCOMER color: Green
Meter TOWER_A_2ND_FLOOR_FEEDER color: Green
Meter TOWER_A_GF_FEEDER color: Green
Meter 3F-1_COMMON LIGHTNING AND POWER PANEL color: Green
Meter 3F-3_BASEMENT1 VENTILATION PANEL color: Green
Meter 3F2_BASEMENT 2 VENTILATION PANEL color: Green
Meter 4F-2_LIFE SAFET PANEL color: Green
Meter 7F-1_METERING AND INDICATION color: Green
Meter 8F-1_SPARE color: Green
Meter 8F-2_SPARE color: Green
Meter 8F-4_TERRACE PANEL color: Green
Meter 8F-5_PLUMBING PANEL color: Green
Meter 9F-2_SPARE color: Green
Meter 9F-3_SPARE color: Green
Meter 9F-4_SOLAR INVERTER FEEDER color: Green
Meter 9F-5_SPARE color: Green
Meter LT_PANEL_1_DG_INCOMER color: Green
Meter LT_PANEL_1_EB_INCOMER color: Green
Meter TOWER_A_2ND_FLOOR_FEEDER color: Green
Meter TOWER_A_GF_FEEDER color: Green
Meter 3F-1_COMMON LIGHTNING AND POWER PANEL color: Green
Meter 3F-3_BASEMENT1 VENTILATION PANEL color: Green
Meter 3F2_BASEMENT 2 VENTILATION PANEL color: Green
Meter 4F-2_LIFE SAFET PANEL color: Green
Meter 7F-1_METERING AND INDICATION color: Green
Meter 8F-1_SPARE color: Green
Meter 8F-2_SPARE color: Green
Meter 8F-4_TERRACE PANEL color: Green
Meter 8F-5_PLUMBING PANEL color: Green
Meter 9F-2_SPARE color: Green
Meter 9F-3_SPARE color: Green
Meter 9F-4_SOLAR INVERTER FEEDER color: Green
Meter 9F-5_SPARE color: Green
Meter LT_PANEL_1_DG_INCOMER color: Green
Meter LT_PANEL_1_EB_INCOMER color: Green
Meter TOWER_A_2ND_FLOOR_FEEDER color: Green
Meter TOWER_A_GF_FEEDER color: Green
Meter 3F-1_COMMON LIGHTNING AND POWER PANEL color: Green
Meter 3F-3_BASEMENT1 VENTILATION PANEL color: Green
Meter 3F2_BASEMENT 2 VENTILATION PANEL color: Green
Meter 4F-2_LIFE SAFET PANEL color: Green
Meter 7F-1_METERING AND INDICATION color: Green
Meter 8F-1_SPARE color: Green
Meter 8F-2_SPARE color: Green
Meter 8F-4_TERRACE PANEL color: Green
Meter 8F-5_PLUMBING PANEL color: Green
Meter 9F-2_SPARE color: Green
Meter 9F-3_SPARE color: Green
Meter 9F-4_SOLAR INVERTER FEEDER color: Green
Meter 9F-5_SPARE color: Green
Meter LT_PANEL_1_DG_INCOMER color: Green
Meter LT_PANEL_1_EB_INCOMER color: Green
Meter TOWER_A_2ND_FLOOR_FEEDER color: Green
Meter TOWER_A_GF_FEEDER color: Green
Meter 3F-1_COMMON LIGHTNING AND POWER PANEL color: Green
Meter 3F-3_BASEMENT1 VENTILATION PANEL color: Green
Meter 3F2_BASEMENT 2 VENTILATION PANEL color: Green
Meter 4F-2_LIFE SAFET PANEL color: Green
Meter 7F-1_METERING AND INDICATION color: Green
Meter 8F-1_SPARE color: Green
Meter 8F-2_SPARE color: Green
Meter 8F-4_TERRACE PANEL color: Green
Meter 8F-5_PLUMBING PANEL color: Green
Meter 9F-2_SPARE color: Green
Meter 9F-3_SPARE color: Green
Meter 9F-4_SOLAR INVERTER FEEDER color: Green
Meter 9F-5_SPARE color: Green
Meter LT_PANEL_1_DG_INCOMER color: Green
Meter LT_PANEL_1_EB_INCOMER color: Green
Meter TOWER_A_2ND_FLOOR_FEEDER color: Green
Meter TOWER_A_GF_FEEDER color: Green
Meter 3F-1_COMMON LIGHTNING AND POWER PANEL color: Green
Meter 3F-3_BASEMENT1 VENTILATION PANEL color: Green
Meter 3F2_BASEMENT 2 VENTILATION PANEL color: Green
Meter 4F-2_LIFE SAFET PANEL color: Green
Meter 7F-1_METERING AND INDICATION color: Green
Meter 8F-1_SPARE color: Green
Meter 8F-2_SPARE color: Green
Meter 8F-4_TERRACE PANEL color: Green
Meter 8F-5_PLUMBING PANEL color: Green
Meter 9F-2_SPARE color: Green
Meter 9F-3_SPARE color: Green
Meter 9F-4_SOLAR INVERTER FEEDER color: Green
Meter 9F-5_SPARE color: Green
Meter LT_PANEL_1_DG_INCOMER color: Green
Meter LT_PANEL_1_EB_INCOMER color: Green
Meter TOWER_A_2ND_FLOOR_FEEDER color: Green
Meter TOWER_A_GF_FEEDER color: Green
Meter 3F-1_COMMON LIGHTNING AND POWER PANEL color: Green
Meter 3F-3_BASEMENT1 VENTILATION PANEL color: Green
Meter 3F2_BASEMENT 2 VENTILATION PANEL color: Green
Meter 4F-2_LIFE SAFET PANEL color: Green
Meter 7F-1_METERING AND INDICATION color: Green
Meter 8F-1_SPARE color: Green
Meter 8F-2_SPARE color: Green
Meter 8F-4_TERRACE PANEL color: Green
Meter 8F-5_PLUMBING PANEL color: Green
Meter 9F-2_SPARE color: Green
Meter 9F-3_SPARE color: Green
Meter 9F-4_SOLAR INVERTER FEEDER color: Green
Meter 9F-5_SPARE color: Green
Meter LT_PANEL_1_DG_INCOMER color: Green
Meter LT_PANEL_1_EB_INCOMER color: Green
Meter TOWER_A_2ND_FLOOR_FEEDER color: Green
Meter TOWER_A_GF_FEEDER color: Green
Meter 3F-1_COMMON LIGHTNING AND POWER PANEL color: Green
Meter 3F-3_BASEMENT1 VENTILATION PANEL color: Green
Meter 3F2_BASEMENT 2 VENTILATION PANEL color: Green
Meter 4F-2_LIFE SAFET PANEL color: Green
Meter 7F-1_METERING AND INDICATION color: Green
Meter 8F-1_SPARE color: Green
Meter 8F-2_SPARE color: Green
Meter 8F-4_TERRACE PANEL color: Green
Meter 8F-5_PLUMBING PANEL color: Green
Meter 9F-2_SPARE color: Green
Meter 9F-3_SPARE color: Green
Meter 9F-4_SOLAR INVERTER FEEDER color: Green
Meter 9F-5_SPARE color: Green
Meter LT_PANEL_1_DG_INCOMER color: Green
Meter LT_PANEL_1_EB_INCOMER color: Green
Meter TOWER_A_2ND_FLOOR_FEEDER color: Green
Meter TOWER_A_GF_FEEDER color: Green
Meter 3F-1_COMMON LIGHTNING AND POWER PANEL color: Green
Meter 3F-3_BASEMENT1 VENTILATION PANEL color: Green
Meter 3F2_BASEMENT 2 VENTILATION PANEL color: Green
Meter 4F-2_LIFE SAFET PANEL color: Green
Meter 7F-1_METERING AND INDICATION color: Green
Meter 8F-1_SPARE color: Green
Meter 8F-2_SPARE color: Green
Meter 8F-4_TERRACE PANEL color: Green
Meter 8F-5_PLUMBING PANEL color: Green
Meter 9F-2_SPARE color: Green
Meter 9F-3_SPARE color: Green
Meter 9F-4_SOLAR INVERTER FEEDER color: Green
Meter 9F-5_SPARE color: Green
Meter LT_PANEL_1_DG_INCOMER color: Green
Meter LT_PANEL_1_EB_INCOMER color: Green
Meter TOWER_A_2ND_FLOOR_FEEDER color: Green
Meter TOWER_A_GF_FEEDER color: Green
Meter 3F-1_COMMON LIGHTNING AND POWER PANEL color: Green
Meter 3F-3_BASEMENT1 VENTILATION PANEL color: Green
Meter 3F2_BASEMENT 2 VENTILATION PANEL color: Green
Meter 4F-2_LIFE SAFET PANEL color: Green
Meter 7F-1_METERING AND INDICATION color: Green
Meter 8F-1_SPARE color: Green
Meter 8F-2_SPARE color: Green
Meter 8F-4_TERRACE PANEL color: Green
Meter 8F-5_PLUMBING PANEL color: Green
Meter 9F-2_SPARE color: Green
Meter 9F-3_SPARE color: Green
Meter 9F-4_SOLAR INVERTER FEEDER color: Green
Meter 9F-5_SPARE color: Green
Meter LT_PANEL_1_DG_INCOMER color: Green
Meter LT_PANEL_1_EB_INCOMER color: Green
Meter TOWER_A_2ND_FLOOR_FEEDER color: Green
Meter TOWER_A_GF_FEEDER color: Green
Meter 3F-1_COMMON LIGHTNING AND POWER PANEL color: Green
Meter 3F-3_BASEMENT1 VENTILATION PANEL color: Green
Meter 3F2_BASEMENT 2 VENTILATION PANEL color: Green
Meter 4F-2_LIFE SAFET PANEL color: Green
Meter 7F-1_METERING AND INDICATION color: Green
Meter 8F-1_SPARE color: Green
Meter 8F-2_SPARE color: Green
Meter 8F-4_TERRACE PANEL color: Green
Meter 8F-5_PLUMBING PANEL color: Green
Meter 9F-2_SPARE color: Green
Meter 9F-3_SPARE color: Green
Meter 9F-4_SOLAR INVERTER FEEDER color: Green
Meter 9F-5_SPARE color: Green
Meter LT_PANEL_1_DG_INCOMER color: Green
Meter LT_PANEL_1_EB_INCOMER color: Green
Meter TOWER_A_2ND_FLOOR_FEEDER color: Green
Meter TOWER_A_GF_FEEDER color: Green
Meter 3F-1_COMMON LIGHTNING AND POWER PANEL color: Green
Meter 3F-3_BASEMENT1 VENTILATION PANEL color: Green
Meter 3F2_BASEMENT 2 VENTILATION PANEL color: Green
Meter 4F-2_LIFE SAFET PANEL color: Green
Meter 7F-1_METERING AND INDICATION color: Green
Meter 8F-1_SPARE color: Green
Meter 8F-2_SPARE color: Green
Meter 8F-4_TERRACE PANEL color: Green
Meter 8F-5_PLUMBING PANEL color: Green
Meter 9F-2_SPARE color: Green
Meter 9F-3_SPARE color: Green
Meter 9F-4_SOLAR INVERTER FEEDER color: Green
Meter 9F-5_SPARE color: Green
Meter LT_PANEL_1_DG_INCOMER color: Green
Meter LT_PANEL_1_EB_INCOMER color: Green
Meter TOWER_A_2ND_FLOOR_FEEDER color: Green
Meter TOWER_A_GF_FEEDER color: Green
Meter 3F-1_COMMON LIGHTNING AND POWER PANEL color: Green
Meter 3F-3_BASEMENT1 VENTILATION PANEL color: Green
Meter 3F2_BASEMENT 2 VENTILATION PANEL color: Green
Meter 4F-2_LIFE SAFET PANEL color: Green
Meter 7F-1_METERING AND INDICATION color: Green
Meter 8F-1_SPARE color: Green
Meter 8F-2_SPARE color: Green
Meter 8F-4_TERRACE PANEL color: Green
Meter 8F-5_PLUMBING PANEL color: Green
Meter 9F-2_SPARE color: Green
Meter 9F-3_SPARE color: Green
Meter 9F-4_SOLAR INVERTER FEEDER color: Green
Meter 9F-5_SPARE color: Green
Meter LT_PANEL_1_DG_INCOMER color: Green
Meter LT_PANEL_1_EB_INCOMER color: Green
Meter TOWER_A_2ND_FLOOR_FEEDER color: Green
Meter TOWER_A_GF_FEEDER color: Green
Meter 3F-1_COMMON LIGHTNING AND POWER PANEL color: Green
Meter 3F-3_BASEMENT1 VENTILATION PANEL color: Green
Meter 3F2_BASEMENT 2 VENTILATION PANEL color: Green
Meter 4F-2_LIFE SAFET PANEL color: Green
Meter 7F-1_METERING AND INDICATION color: Green
Meter 8F-1_SPARE color: Green
Meter 8F-2_SPARE color: Green
Meter 8F-4_TERRACE PANEL color: Green
Meter 8F-5_PLUMBING PANEL color: Green
Meter 9F-2_SPARE color: Green
Meter 9F-3_SPARE color: Green
Meter 9F-4_SOLAR INVERTER FEEDER color: Green
Meter 9F-5_SPARE color: Green
Meter LT_PANEL_1_DG_INCOMER color: Green
Meter LT_PANEL_1_EB_INCOMER color: Green
Meter TOWER_A_2ND_FLOOR_FEEDER color: Green
Meter TOWER_A_GF_FEEDER color: Green
Meter 3F-1_COMMON LIGHTNING AND POWER PANEL color: Green
Meter 3F-3_BASEMENT1 VENTILATION PANEL color: Green
Meter 3F2_BASEMENT 2 VENTILATION PANEL color: Green
Meter 4F-2_LIFE SAFET PANEL color: Green
Meter 7F-1_METERING AND INDICATION color: Green
Meter 8F-1_SPARE color: Green
Meter 8F-2_SPARE color: Green
Meter 8F-4_TERRACE PANEL color: Green
Meter 8F-5_PLUMBING PANEL color: Green
Meter 9F-2_SPARE color: Green
Meter 9F-3_SPARE color: Green
Meter 9F-4_SOLAR INVERTER FEEDER color: Green
Meter 9F-5_SPARE color: Green
Meter LT_PANEL_1_DG_INCOMER color: Green
Meter LT_PANEL_1_EB_INCOMER color: Green
Meter TOWER_A_2ND_FLOOR_FEEDER color: Green
Meter TOWER_A_GF_FEEDER color: Green
Meter 3F-1_COMMON LIGHTNING AND POWER PANEL color: Green
Meter 3F-3_BASEMENT1 VENTILATION PANEL color: Green
Meter 3F2_BASEMENT 2 VENTILATION PANEL color: Green
Meter 4F-2_LIFE SAFET PANEL color: Green
Meter 7F-1_METERING AND INDICATION color: Green
Meter 8F-1_SPARE color: Green
Meter 8F-2_SPARE color: Green
Meter 8F-4_TERRACE PANEL color: Green
Meter 8F-5_PLUMBING PANEL color: Green
Meter 9F-2_SPARE color: Green
Meter 9F-3_SPARE color: Green
Meter 9F-4_SOLAR INVERTER FEEDER color: Green
Meter 9F-5_SPARE color: Green
Meter LT_PANEL_1_DG_INCOMER color: Green
Meter LT_PANEL_1_EB_INCOMER color: Green
Meter TOWER_A_2ND_FLOOR_FEEDER color: Green
Meter TOWER_A_GF_FEEDER color: Green
Gateway== MAIN_LT_PANEL-2
Meter 3F_FEEDER-1 color: Green
Meter 3F_FEEDER-2 color: Green
Meter 4F_FEEDER-1 color: Green
Meter 4F_FEEDER-2 color: Green
Meter 5F_FEEDER-2 color: Green
Meter 5f1_Feeder color: Green
Meter 601_HEUBACH color: Green
Meter 8F2_4FA2 color: Green
Meter 9F2_FDP3FA2 color: Green
Meter 9F3_SPARE color: Green
Meter APFC_PANEL color: Green
Meter Construction Supply color: Green
Meter LT_PANEL_2_DG_INCOMER color: Green
Meter LT_PANEL_2_EB_INCOMER color: Green
Meter SOLAR_FEEDER color: Green
Meter Tower B Retail panel color: Green
Meter 3F_FEEDER-1 color: Green
Meter 3F_FEEDER-2 color: Green
Meter 4F_FEEDER-1 color: Green
Meter 4F_FEEDER-2 color: Green
Meter 5F_FEEDER-2 color: Green
Meter 5f1_Feeder color: Green
Meter 601_HEUBACH color: Green
Meter 8F2_4FA2 color: Green
Meter 9F2_FDP3FA2 color: Green
Meter 9F3_SPARE color: Green
Meter APFC_PANEL color: Green
Meter Construction Supply color: Green
Meter LT_PANEL_2_DG_INCOMER color: Green
Meter LT_PANEL_2_EB_INCOMER color: Green
Meter SOLAR_FEEDER color: Green
Meter Tower B Retail panel color: Green
Meter 3F_FEEDER-1 color: Green
Meter 3F_FEEDER-2 color: Green
Meter 4F_FEEDER-1 color: Green
Meter 4F_FEEDER-2 color: Green
Meter 5F_FEEDER-2 color: Green
Meter 5f1_Feeder color: Green
Meter 601_HEUBACH color: Green
Meter 8F2_4FA2 color: Green
Meter 9F2_FDP3FA2 color: Green
Meter 9F3_SPARE color: Green
Meter APFC_PANEL color: Green
Meter Construction Supply color: Green
Meter LT_PANEL_2_DG_INCOMER color: Green
Meter LT_PANEL_2_EB_INCOMER color: Green
Meter SOLAR_FEEDER color: Green
Meter Tower B Retail panel color: Green
Meter 3F_FEEDER-1 color: Green
Meter 3F_FEEDER-2 color: Green
Meter 4F_FEEDER-1 color: Green
Meter 4F_FEEDER-2 color: Green
Meter 5F_FEEDER-2 color: Green
Meter 5f1_Feeder color: Green
Meter 601_HEUBACH color: Green
Meter 8F2_4FA2 color: Green
Meter 9F2_FDP3FA2 color: Green
Meter 9F3_SPARE color: Green
Meter APFC_PANEL color: Green
Meter Construction Supply color: Green
Meter LT_PANEL_2_DG_INCOMER color: Green
Meter LT_PANEL_2_EB_INCOMER color: Green
Meter SOLAR_FEEDER color: Green
Meter Tower B Retail panel color: Green
Meter 3F_FEEDER-1 color: Green
Meter 3F_FEEDER-2 color: Green
Meter 4F_FEEDER-1 color: Green
Meter 4F_FEEDER-2 color: Green
Meter 5F_FEEDER-2 color: Green
Meter 5f1_Feeder color: Green
Meter 601_HEUBACH color: Green
Meter 8F2_4FA2 color: Green
Meter 9F2_FDP3FA2 color: Green
Meter 9F3_SPARE color: Green
Meter APFC_PANEL color: Green
Meter Construction Supply color: Green
Meter LT_PANEL_2_DG_INCOMER color: Green
Meter LT_PANEL_2_EB_INCOMER color: Green
Meter SOLAR_FEEDER color: Green
Meter Tower B Retail panel color: Green
Meter 3F_FEEDER-1 color: Green
Meter 3F_FEEDER-2 color: Green
Meter 4F_FEEDER-1 color: Green
Meter 4F_FEEDER-2 color: Green
Meter 5F_FEEDER-2 color: Green
Meter 5f1_Feeder color: Green
Meter 601_HEUBACH color: Green
Meter 8F2_4FA2 color: Green
Meter 9F2_FDP3FA2 color: Green
Meter 9F3_SPARE color: Green
Meter APFC_PANEL color: Green
Meter Construction Supply color: Green
Meter LT_PANEL_2_DG_INCOMER color: Green
Meter LT_PANEL_2_EB_INCOMER color: Green
Meter SOLAR_FEEDER color: Green
Meter Tower B Retail panel color: Green
Meter 3F_FEEDER-1 color: Green
Meter 3F_FEEDER-2 color: Green
Meter 4F_FEEDER-1 color: Green
Meter 4F_FEEDER-2 color: Green
Meter 5F_FEEDER-2 color: Green
Meter 5f1_Feeder color: Green
Meter 601_HEUBACH color: Green
Meter 8F2_4FA2 color: Green
Meter 9F2_FDP3FA2 color: Green
Meter 9F3_SPARE color: Green
Meter APFC_PANEL color: Green
Meter Construction Supply color: Green
Meter LT_PANEL_2_DG_INCOMER color: Green
Meter LT_PANEL_2_EB_INCOMER color: Green
Meter SOLAR_FEEDER color: Green
Meter Tower B Retail panel color: Green
Meter 3F_FEEDER-1 color: Green
Meter 3F_FEEDER-2 color: Green
Meter 4F_FEEDER-1 color: Green
Meter 4F_FEEDER-2 color: Green
Meter 5F_FEEDER-2 color: Green
Meter 5f1_Feeder color: Green
Meter 601_HEUBACH color: Green
Meter 8F2_4FA2 color: Green
Meter 9F2_FDP3FA2 color: Green
Meter 9F3_SPARE color: Green
Meter APFC_PANEL color: Green
Meter Construction Supply color: Green
Meter LT_PANEL_2_DG_INCOMER color: Green
Meter LT_PANEL_2_EB_INCOMER color: Green
Meter SOLAR_FEEDER color: Green
Meter Tower B Retail panel color: Green
Meter 3F_FEEDER-1 color: Green
Meter 3F_FEEDER-2 color: Green
Meter 4F_FEEDER-1 color: Green
Meter 4F_FEEDER-2 color: Green
Meter 5F_FEEDER-2 color: Green
Meter 5f1_Feeder color: Green
Meter 601_HEUBACH color: Green
Meter 8F2_4FA2 color: Green
Meter 9F2_FDP3FA2 color: Green
Meter 9F3_SPARE color: Green
Meter APFC_PANEL color: Green
Meter Construction Supply color: Green
Meter LT_PANEL_2_DG_INCOMER color: Green
Meter LT_PANEL_2_EB_INCOMER color: Green
Meter SOLAR_FEEDER color: Green
Meter Tower B Retail panel color: Green
Meter 3F_FEEDER-1 color: Green
Meter 3F_FEEDER-2 color: Green
Meter 4F_FEEDER-1 color: Green
Meter 4F_FEEDER-2 color: Green
Meter 5F_FEEDER-2 color: Green
Meter 5f1_Feeder color: Green
Meter 601_HEUBACH color: Green
Meter 8F2_4FA2 color: Green
Meter 9F2_FDP3FA2 color: Green
Meter 9F3_SPARE color: Green
Meter APFC_PANEL color: Green
Meter Construction Supply color: Green
Meter LT_PANEL_2_DG_INCOMER color: Green
Meter LT_PANEL_2_EB_INCOMER color: Green
Meter SOLAR_FEEDER color: Green
Meter Tower B Retail panel color: Green
Meter 3F_FEEDER-1 color: Green
Meter 3F_FEEDER-2 color: Green
Meter 4F_FEEDER-1 color: Green
Meter 4F_FEEDER-2 color: Green
Meter 5F_FEEDER-2 color: Green
Meter 5f1_Feeder color: Green
Meter 601_HEUBACH color: Green
Meter 8F2_4FA2 color: Green
Meter 9F2_FDP3FA2 color: Green
Meter 9F3_SPARE color: Green
Meter APFC_PANEL color: Green
Meter Construction Supply color: Green
Meter LT_PANEL_2_DG_INCOMER color: Green
Meter LT_PANEL_2_EB_INCOMER color: Green
Meter SOLAR_FEEDER color: Green
Meter Tower B Retail panel color: Green
Meter 3F_FEEDER-1 color: Green
Meter 3F_FEEDER-2 color: Green
Meter 4F_FEEDER-1 color: Green
Meter 4F_FEEDER-2 color: Green
Meter 5F_FEEDER-2 color: Green
Meter 5f1_Feeder color: Green
Meter 601_HEUBACH color: Green
Meter 8F2_4FA2 color: Green
Meter 9F2_FDP3FA2 color: Green
Meter 9F3_SPARE color: Green
Meter APFC_PANEL color: Green
Meter Construction Supply color: Green
Meter LT_PANEL_2_DG_INCOMER color: Green
Meter LT_PANEL_2_EB_INCOMER color: Green
Meter SOLAR_FEEDER color: Green
Meter Tower B Retail panel color: Green
Meter 3F_FEEDER-1 color: Green
Meter 3F_FEEDER-2 color: Green
Meter 4F_FEEDER-1 color: Green
Meter 4F_FEEDER-2 color: Green
Meter 5F_FEEDER-2 color: Green
Meter 5f1_Feeder color: Green
Meter 601_HEUBACH color: Green
Meter 8F2_4FA2 color: Green
Meter 9F2_FDP3FA2 color: Green
Meter 9F3_SPARE color: Green
Meter APFC_PANEL color: Green
Meter Construction Supply color: Green
Meter LT_PANEL_2_DG_INCOMER color: Green
Meter LT_PANEL_2_EB_INCOMER color: Green
Meter SOLAR_FEEDER color: Green
Meter Tower B Retail panel color: Green
Meter 3F_FEEDER-1 color: Green
Meter 3F_FEEDER-2 color: Green
Meter 4F_FEEDER-1 color: Green
Meter 4F_FEEDER-2 color: Green
Meter 5F_FEEDER-2 color: Green
Meter 5f1_Feeder color: Green
Meter 601_HEUBACH color: Green
Meter 8F2_4FA2 color: Green
Meter 9F2_FDP3FA2 color: Green
Meter 9F3_SPARE color: Green
Meter APFC_PANEL color: Green
Meter Construction Supply color: Green
Meter LT_PANEL_2_DG_INCOMER color: Green
Meter LT_PANEL_2_EB_INCOMER color: Green
Meter SOLAR_FEEDER color: Green
Meter Tower B Retail panel color: Green
Meter 3F_FEEDER-1 color: Green
Meter 3F_FEEDER-2 color: Green
Meter 4F_FEEDER-1 color: Green
Meter 4F_FEEDER-2 color: Green
Meter 5F_FEEDER-2 color: Green
Meter 5f1_Feeder color: Green
Meter 601_HEUBACH color: Green
Meter 8F2_4FA2 color: Green
Meter 9F2_FDP3FA2 color: Green
Meter 9F3_SPARE color: Green
Meter APFC_PANEL color: Green
Meter Construction Supply color: Green
Meter LT_PANEL_2_DG_INCOMER color: Green
Meter LT_PANEL_2_EB_INCOMER color: Green
Meter SOLAR_FEEDER color: Green
Meter Tower B Retail panel color: Green
Meter 3F_FEEDER-1 color: Green
Meter 3F_FEEDER-2 color: Green
Meter 4F_FEEDER-1 color: Green
Meter 4F_FEEDER-2 color: Green
Meter 5F_FEEDER-2 color: Green
Meter 5f1_Feeder color: Green
Meter 601_HEUBACH color: Green
Meter 8F2_4FA2 color: Green
Meter 9F2_FDP3FA2 color: Green
Meter 9F3_SPARE color: Green
Meter APFC_PANEL color: Green
Meter Construction Supply color: Green
Meter LT_PANEL_2_DG_INCOMER color: Green
Meter LT_PANEL_2_EB_INCOMER color: Green
Meter SOLAR_FEEDER color: Green
Meter Tower B Retail panel color: Green
Gateway== RETAIL_PANEL_TOWER_B-1
Meter 2F1_SHOP-17 color: Green
Meter 2F1_SHOP-18 color: Green
Meter 2F1_SHOP-40_B_BLK.LOCK_ST.FLR color: Green
Meter 2F3_SHOP-19_B_BLK.LOCK_G/R FLR color: Green
Meter 2F3_SHOP-39_B_BLK.LOCK_ST.FLR color: Green
Meter 2F3_SHOP-41_B_BLK.LOCK_ST.FLR color: Green
Meter 2F4_SHOP-20 color: Green
Meter 2F4_SHOP-43_B_BLK.LOCK_ST.FLR color: Green
Meter 2F4_SHOP-44_B_BLK.LOCK_ST.FLR color: Green
Meter 2F5_SHOP-21_B_BLK.LOCK_G/R FLR color: Green
Meter 2F5_SHOP_UTSA color: Green
Meter PIZZA_HUT color: Green
Meter 2F1_SHOP-17 color: Green
Meter 2F1_SHOP-18 color: Green
Meter 2F1_SHOP-40_B_BLK.LOCK_ST.FLR color: Green
Meter 2F3_SHOP-19_B_BLK.LOCK_G/R FLR color: Green
Meter 2F3_SHOP-39_B_BLK.LOCK_ST.FLR color: Green
Meter 2F3_SHOP-41_B_BLK.LOCK_ST.FLR color: Green
Meter 2F4_SHOP-20 color: Green
Meter 2F4_SHOP-43_B_BLK.LOCK_ST.FLR color: Green
Meter 2F4_SHOP-44_B_BLK.LOCK_ST.FLR color: Green
Meter 2F5_SHOP-21_B_BLK.LOCK_G/R FLR color: Green
Meter 2F5_SHOP_UTSA color: Green
Meter PIZZA_HUT color: Green
Meter 2F1_SHOP-17 color: Green
Meter 2F1_SHOP-18 color: Green
Meter 2F1_SHOP-40_B_BLK.LOCK_ST.FLR color: Green
Meter 2F3_SHOP-19_B_BLK.LOCK_G/R FLR color: Green
Meter 2F3_SHOP-39_B_BLK.LOCK_ST.FLR color: Green
Meter 2F3_SHOP-41_B_BLK.LOCK_ST.FLR color: Green
Meter 2F4_SHOP-20 color: Green
Meter 2F4_SHOP-43_B_BLK.LOCK_ST.FLR color: Green
Meter 2F4_SHOP-44_B_BLK.LOCK_ST.FLR color: Green
Meter 2F5_SHOP-21_B_BLK.LOCK_G/R FLR color: Green
Meter 2F5_SHOP_UTSA color: Green
Meter PIZZA_HUT color: Green
Meter 2F1_SHOP-17 color: Green
Meter 2F1_SHOP-18 color: Green
Meter 2F1_SHOP-40_B_BLK.LOCK_ST.FLR color: Green
Meter 2F3_SHOP-19_B_BLK.LOCK_G/R FLR color: Green
Meter 2F3_SHOP-39_B_BLK.LOCK_ST.FLR color: Green
Meter 2F3_SHOP-41_B_BLK.LOCK_ST.FLR color: Green
Meter 2F4_SHOP-20 color: Green
Meter 2F4_SHOP-43_B_BLK.LOCK_ST.FLR color: Green
Meter 2F4_SHOP-44_B_BLK.LOCK_ST.FLR color: Green
Meter 2F5_SHOP-21_B_BLK.LOCK_G/R FLR color: Green
Meter 2F5_SHOP_UTSA color: Green
Meter PIZZA_HUT color: Green
Meter 2F1_SHOP-17 color: Green
Meter 2F1_SHOP-18 color: Green
Meter 2F1_SHOP-40_B_BLK.LOCK_ST.FLR color: Green
Meter 2F3_SHOP-19_B_BLK.LOCK_G/R FLR color: Green
Meter 2F3_SHOP-39_B_BLK.LOCK_ST.FLR color: Green
Meter 2F3_SHOP-41_B_BLK.LOCK_ST.FLR color: Green
Meter 2F4_SHOP-20 color: Green
Meter 2F4_SHOP-43_B_BLK.LOCK_ST.FLR color: Green
Meter 2F4_SHOP-44_B_BLK.LOCK_ST.FLR color: Green
Meter 2F5_SHOP-21_B_BLK.LOCK_G/R FLR color: Green
Meter 2F5_SHOP_UTSA color: Green
Meter PIZZA_HUT color: Green
Meter 2F1_SHOP-17 color: Green
Meter 2F1_SHOP-18 color: Green
Meter 2F1_SHOP-40_B_BLK.LOCK_ST.FLR color: Green
Meter 2F3_SHOP-19_B_BLK.LOCK_G/R FLR color: Green
Meter 2F3_SHOP-39_B_BLK.LOCK_ST.FLR color: Green
Meter 2F3_SHOP-41_B_BLK.LOCK_ST.FLR color: Green
Meter 2F4_SHOP-20 color: Green
Meter 2F4_SHOP-43_B_BLK.LOCK_ST.FLR color: Green
Meter 2F4_SHOP-44_B_BLK.LOCK_ST.FLR color: Green
Meter 2F5_SHOP-21_B_BLK.LOCK_G/R FLR color: Green
Meter 2F5_SHOP_UTSA color: Green
Meter PIZZA_HUT color: Green
Meter 2F1_SHOP-17 color: Green
Meter 2F1_SHOP-18 color: Green
Meter 2F1_SHOP-40_B_BLK.LOCK_ST.FLR color: Green
Meter 2F3_SHOP-19_B_BLK.LOCK_G/R FLR color: Green
Meter 2F3_SHOP-39_B_BLK.LOCK_ST.FLR color: Green
Meter 2F3_SHOP-41_B_BLK.LOCK_ST.FLR color: Green
Meter 2F4_SHOP-20 color: Green
Meter 2F4_SHOP-43_B_BLK.LOCK_ST.FLR color: Green
Meter 2F4_SHOP-44_B_BLK.LOCK_ST.FLR color: Green
Meter 2F5_SHOP-21_B_BLK.LOCK_G/R FLR color: Green
Meter 2F5_SHOP_UTSA color: Green
Meter PIZZA_HUT color: Green
Meter 2F1_SHOP-17 color: Green
Meter 2F1_SHOP-18 color: Green
Meter 2F1_SHOP-40_B_BLK.LOCK_ST.FLR color: Green
Meter 2F3_SHOP-19_B_BLK.LOCK_G/R FLR color: Green
Meter 2F3_SHOP-39_B_BLK.LOCK_ST.FLR color: Green
Meter 2F3_SHOP-41_B_BLK.LOCK_ST.FLR color: Green
Meter 2F4_SHOP-20 color: Green
Meter 2F4_SHOP-43_B_BLK.LOCK_ST.FLR color: Green
Meter 2F4_SHOP-44_B_BLK.LOCK_ST.FLR color: Green
Meter 2F5_SHOP-21_B_BLK.LOCK_G/R FLR color: Green
Meter 2F5_SHOP_UTSA color: Green
Meter PIZZA_HUT color: Green
Meter 2F1_SHOP-17 color: Green
Meter 2F1_SHOP-18 color: Green
Meter 2F1_SHOP-40_B_BLK.LOCK_ST.FLR color: Green
Meter 2F3_SHOP-19_B_BLK.LOCK_G/R FLR color: Green
Meter 2F3_SHOP-39_B_BLK.LOCK_ST.FLR color: Green
Meter 2F3_SHOP-41_B_BLK.LOCK_ST.FLR color: Green
Meter 2F4_SHOP-20 color: Green
Meter 2F4_SHOP-43_B_BLK.LOCK_ST.FLR color: Green
Meter 2F4_SHOP-44_B_BLK.LOCK_ST.FLR color: Green
Meter 2F5_SHOP-21_B_BLK.LOCK_G/R FLR color: Green
Meter 2F5_SHOP_UTSA color: Green
Meter PIZZA_HUT color: Green
Meter 2F1_SHOP-17 color: Green
Meter 2F1_SHOP-18 color: Green
Meter 2F1_SHOP-40_B_BLK.LOCK_ST.FLR color: Green
Meter 2F3_SHOP-19_B_BLK.LOCK_G/R FLR color: Green
Meter 2F3_SHOP-39_B_BLK.LOCK_ST.FLR color: Green
Meter 2F3_SHOP-41_B_BLK.LOCK_ST.FLR color: Green
Meter 2F4_SHOP-20 color: Green
Meter 2F4_SHOP-43_B_BLK.LOCK_ST.FLR color: Green
Meter 2F4_SHOP-44_B_BLK.LOCK_ST.FLR color: Green
Meter 2F5_SHOP-21_B_BLK.LOCK_G/R FLR color: Green
Meter 2F5_SHOP_UTSA color: Green
Meter PIZZA_HUT color: Green
Meter 2F1_SHOP-17 color: Green
Meter 2F1_SHOP-18 color: Green
Meter 2F1_SHOP-40_B_BLK.LOCK_ST.FLR color: Green
Meter 2F3_SHOP-19_B_BLK.LOCK_G/R FLR color: Green
Meter 2F3_SHOP-39_B_BLK.LOCK_ST.FLR color: Green
Meter 2F3_SHOP-41_B_BLK.LOCK_ST.FLR color: Green
Meter 2F4_SHOP-20 color: Green
Meter 2F4_SHOP-43_B_BLK.LOCK_ST.FLR color: Green
Meter 2F4_SHOP-44_B_BLK.LOCK_ST.FLR color: Green
Meter 2F5_SHOP-21_B_BLK.LOCK_G/R FLR color: Green
Meter 2F5_SHOP_UTSA color: Green
Meter PIZZA_HUT color: Green
Meter 2F1_SHOP-17 color: Green
Meter 2F1_SHOP-18 color: Green
Meter 2F1_SHOP-40_B_BLK.LOCK_ST.FLR color: Green
Meter 2F3_SHOP-19_B_BLK.LOCK_G/R FLR color: Green
Meter 2F3_SHOP-39_B_BLK.LOCK_ST.FLR color: Green
Meter 2F3_SHOP-41_B_BLK.LOCK_ST.FLR color: Green
Meter 2F4_SHOP-20 color: Green
Meter 2F4_SHOP-43_B_BLK.LOCK_ST.FLR color: Green
Meter 2F4_SHOP-44_B_BLK.LOCK_ST.FLR color: Green
Meter 2F5_SHOP-21_B_BLK.LOCK_G/R FLR color: Green
Meter 2F5_SHOP_UTSA color: Green
Meter PIZZA_HUT color: Green
Gateway== RETAIL_PANEL_TOWER_B-2
Meter 3F1_SHOP-22_B_BLK.LOCK_G/R FLR color: Green
Meter 3F1_SHOP-24_B_BLK.LOCK_G/R FLR color: Green
Meter 3F2_ZUDIO_2 color: Green
Meter 3F3_SHOP-23_B_BLK.LOCK_G/R FLR color: Green
Meter 3F3_SHOP-46_B_BLK.LOCK_ST.FLR color: Green
Meter 3F3_SPARE color: Green
Meter 3F4_20 slave name temporary color: Green
Meter 3F4_21 slave name temporary color: Green
Meter 3F4_22 slave name temporary color: Green
Meter 4F1_SHOP-56_B_BLK_LOCK_SECO.FLR color: Green
Meter 4F1_SHOP-57_B_BLK_LOCK_SECO.FLR color: Green
Meter 4F2_SHOP-27_B_BLK.LOCK_G/R FLR color: Green
Meter 4F2_SHOP-59_B_BLK_LOCK_SECO.FLR color: Green
Meter 4F3_SHOP-25_B_BLK_LOCK_G/R FLR color: Green
Meter 4F3_SHOP-26_B_BLK_LOCK_G/R FLR color: Green
Meter 4F3_SHOP-64_B_BLK_LOCK_SECO.FLR color: Green
Meter 4F4_SHOP-28_B_BLK_LOCK_G/R FLR color: Green
Meter 4F4_SHOP-29_B_BLK_LOCK_G/R FLR color: Green
Meter 4F4_SHOP-58_B_BLK_LOCK_SECO.FLR color: Green
Meter BATA color: Green
Meter Croma color: Green
Meter Croma NEW color: Green
Meter ZUDIO color: Green
Meter 3F1_SHOP-22_B_BLK.LOCK_G/R FLR color: Green
Meter 3F1_SHOP-24_B_BLK.LOCK_G/R FLR color: Green
Meter 3F2_ZUDIO_2 color: Green
Meter 3F3_SHOP-23_B_BLK.LOCK_G/R FLR color: Green
Meter 3F3_SHOP-46_B_BLK.LOCK_ST.FLR color: Green
Meter 3F3_SPARE color: Green
Meter 3F4_20 slave name temporary color: Green
Meter 3F4_21 slave name temporary color: Green
Meter 3F4_22 slave name temporary color: Green
Meter 4F1_SHOP-56_B_BLK_LOCK_SECO.FLR color: Green
Meter 4F1_SHOP-57_B_BLK_LOCK_SECO.FLR color: Green
Meter 4F2_SHOP-27_B_BLK.LOCK_G/R FLR color: Green
Meter 4F2_SHOP-59_B_BLK_LOCK_SECO.FLR color: Green
Meter 4F3_SHOP-25_B_BLK_LOCK_G/R FLR color: Green
Meter 4F3_SHOP-26_B_BLK_LOCK_G/R FLR color: Green
Meter 4F3_SHOP-64_B_BLK_LOCK_SECO.FLR color: Green
Meter 4F4_SHOP-28_B_BLK_LOCK_G/R FLR color: Green
Meter 4F4_SHOP-29_B_BLK_LOCK_G/R FLR color: Green
Meter 4F4_SHOP-58_B_BLK_LOCK_SECO.FLR color: Green
Meter BATA color: Green
Meter Croma color: Green
Meter Croma NEW color: Green
Meter ZUDIO color: Green
Meter 3F1_SHOP-22_B_BLK.LOCK_G/R FLR color: Green
Meter 3F1_SHOP-24_B_BLK.LOCK_G/R FLR color: Green
Meter 3F2_ZUDIO_2 color: Green
Meter 3F3_SHOP-23_B_BLK.LOCK_G/R FLR color: Green
Meter 3F3_SHOP-46_B_BLK.LOCK_ST.FLR color: Green
Meter 3F3_SPARE color: Green
Meter 3F4_20 slave name temporary color: Green
Meter 3F4_21 slave name temporary color: Green
Meter 3F4_22 slave name temporary color: Green
Meter 4F1_SHOP-56_B_BLK_LOCK_SECO.FLR color: Green
Meter 4F1_SHOP-57_B_BLK_LOCK_SECO.FLR color: Green
Meter 4F2_SHOP-27_B_BLK.LOCK_G/R FLR color: Green
Meter 4F2_SHOP-59_B_BLK_LOCK_SECO.FLR color: Green
Meter 4F3_SHOP-25_B_BLK_LOCK_G/R FLR color: Green
Meter 4F3_SHOP-26_B_BLK_LOCK_G/R FLR color: Green
Meter 4F3_SHOP-64_B_BLK_LOCK_SECO.FLR color: Green
Meter 4F4_SHOP-28_B_BLK_LOCK_G/R FLR color: Green
Meter 4F4_SHOP-29_B_BLK_LOCK_G/R FLR color: Green
Meter 4F4_SHOP-58_B_BLK_LOCK_SECO.FLR color: Green
Meter BATA color: Green
Meter Croma color: Green
Meter Croma NEW color: Green
Meter ZUDIO color: Green
Meter 3F1_SHOP-22_B_BLK.LOCK_G/R FLR color: Green
Meter 3F1_SHOP-24_B_BLK.LOCK_G/R FLR color: Green
Meter 3F2_ZUDIO_2 color: Green
Meter 3F3_SHOP-23_B_BLK.LOCK_G/R FLR color: Green
Meter 3F3_SHOP-46_B_BLK.LOCK_ST.FLR color: Green
Meter 3F3_SPARE color: Green
Meter 3F4_20 slave name temporary color: Green
Meter 3F4_21 slave name temporary color: Green
Meter 3F4_22 slave name temporary color: Green
Meter 4F1_SHOP-56_B_BLK_LOCK_SECO.FLR color: Green
Meter 4F1_SHOP-57_B_BLK_LOCK_SECO.FLR color: Green
Meter 4F2_SHOP-27_B_BLK.LOCK_G/R FLR color: Green
Meter 4F2_SHOP-59_B_BLK_LOCK_SECO.FLR color: Green
Meter 4F3_SHOP-25_B_BLK_LOCK_G/R FLR color: Green
Meter 4F3_SHOP-26_B_BLK_LOCK_G/R FLR color: Green
Meter 4F3_SHOP-64_B_BLK_LOCK_SECO.FLR color: Green
Meter 4F4_SHOP-28_B_BLK_LOCK_G/R FLR color: Green
Meter 4F4_SHOP-29_B_BLK_LOCK_G/R FLR color: Green
Meter 4F4_SHOP-58_B_BLK_LOCK_SECO.FLR color: Green
Meter BATA color: Green
Meter Croma color: Green
Meter Croma NEW color: Green
Meter ZUDIO color: Green
Meter 3F1_SHOP-22_B_BLK.LOCK_G/R FLR color: Green
Meter 3F1_SHOP-24_B_BLK.LOCK_G/R FLR color: Green
Meter 3F2_ZUDIO_2 color: Green
Meter 3F3_SHOP-23_B_BLK.LOCK_G/R FLR color: Green
Meter 3F3_SHOP-46_B_BLK.LOCK_ST.FLR color: Green
Meter 3F3_SPARE color: Green
Meter 3F4_20 slave name temporary color: Green
Meter 3F4_21 slave name temporary color: Green
Meter 3F4_22 slave name temporary color: Green
Meter 4F1_SHOP-56_B_BLK_LOCK_SECO.FLR color: Green
Meter 4F1_SHOP-57_B_BLK_LOCK_SECO.FLR color: Green
Meter 4F2_SHOP-27_B_BLK.LOCK_G/R FLR color: Green
Meter 4F2_SHOP-59_B_BLK_LOCK_SECO.FLR color: Green
Meter 4F3_SHOP-25_B_BLK_LOCK_G/R FLR color: Green
Meter 4F3_SHOP-26_B_BLK_LOCK_G/R FLR color: Green
Meter 4F3_SHOP-64_B_BLK_LOCK_SECO.FLR color: Green
Meter 4F4_SHOP-28_B_BLK_LOCK_G/R FLR color: Green
Meter 4F4_SHOP-29_B_BLK_LOCK_G/R FLR color: Green
Meter 4F4_SHOP-58_B_BLK_LOCK_SECO.FLR color: Green
Meter BATA color: Green
Meter Croma color: Green
Meter Croma NEW color: Green
Meter ZUDIO color: Green
Meter 3F1_SHOP-22_B_BLK.LOCK_G/R FLR color: Green
Meter 3F1_SHOP-24_B_BLK.LOCK_G/R FLR color: Green
Meter 3F2_ZUDIO_2 color: Green
Meter 3F3_SHOP-23_B_BLK.LOCK_G/R FLR color: Green
Meter 3F3_SHOP-46_B_BLK.LOCK_ST.FLR color: Green
Meter 3F3_SPARE color: Green
Meter 3F4_20 slave name temporary color: Green
Meter 3F4_21 slave name temporary color: Green
Meter 3F4_22 slave name temporary color: Green
Meter 4F1_SHOP-56_B_BLK_LOCK_SECO.FLR color: Green
Meter 4F1_SHOP-57_B_BLK_LOCK_SECO.FLR color: Green
Meter 4F2_SHOP-27_B_BLK.LOCK_G/R FLR color: Green
Meter 4F2_SHOP-59_B_BLK_LOCK_SECO.FLR color: Green
Meter 4F3_SHOP-25_B_BLK_LOCK_G/R FLR color: Green
Meter 4F3_SHOP-26_B_BLK_LOCK_G/R FLR color: Green
Meter 4F3_SHOP-64_B_BLK_LOCK_SECO.FLR color: Green
Meter 4F4_SHOP-28_B_BLK_LOCK_G/R FLR color: Green
Meter 4F4_SHOP-29_B_BLK_LOCK_G/R FLR color: Green
Meter 4F4_SHOP-58_B_BLK_LOCK_SECO.FLR color: Green
Meter BATA color: Green
Meter Croma color: Green
Meter Croma NEW color: Green
Meter ZUDIO color: Green
Meter 3F1_SHOP-22_B_BLK.LOCK_G/R FLR color: Green
Meter 3F1_SHOP-24_B_BLK.LOCK_G/R FLR color: Green
Meter 3F2_ZUDIO_2 color: Green
Meter 3F3_SHOP-23_B_BLK.LOCK_G/R FLR color: Green
Meter 3F3_SHOP-46_B_BLK.LOCK_ST.FLR color: Green
Meter 3F3_SPARE color: Green
Meter 3F4_20 slave name temporary color: Green
Meter 3F4_21 slave name temporary color: Green
Meter 3F4_22 slave name temporary color: Green
Meter 4F1_SHOP-56_B_BLK_LOCK_SECO.FLR color: Green
Meter 4F1_SHOP-57_B_BLK_LOCK_SECO.FLR color: Green
Meter 4F2_SHOP-27_B_BLK.LOCK_G/R FLR color: Green
Meter 4F2_SHOP-59_B_BLK_LOCK_SECO.FLR color: Green
Meter 4F3_SHOP-25_B_BLK_LOCK_G/R FLR color: Green
Meter 4F3_SHOP-26_B_BLK_LOCK_G/R FLR color: Green
Meter 4F3_SHOP-64_B_BLK_LOCK_SECO.FLR color: Green
Meter 4F4_SHOP-28_B_BLK_LOCK_G/R FLR color: Green
Meter 4F4_SHOP-29_B_BLK_LOCK_G/R FLR color: Green
Meter 4F4_SHOP-58_B_BLK_LOCK_SECO.FLR color: Green
Meter BATA color: Green
Meter Croma color: Green
Meter Croma NEW color: Green
Meter ZUDIO color: Green
Meter 3F1_SHOP-22_B_BLK.LOCK_G/R FLR color: Green
Meter 3F1_SHOP-24_B_BLK.LOCK_G/R FLR color: Green
Meter 3F2_ZUDIO_2 color: Green
Meter 3F3_SHOP-23_B_BLK.LOCK_G/R FLR color: Green
Meter 3F3_SHOP-46_B_BLK.LOCK_ST.FLR color: Green
Meter 3F3_SPARE color: Green
Meter 3F4_20 slave name temporary color: Green
Meter 3F4_21 slave name temporary color: Green
Meter 3F4_22 slave name temporary color: Green
Meter 4F1_SHOP-56_B_BLK_LOCK_SECO.FLR color: Green
Meter 4F1_SHOP-57_B_BLK_LOCK_SECO.FLR color: Green
Meter 4F2_SHOP-27_B_BLK.LOCK_G/R FLR color: Green
Meter 4F2_SHOP-59_B_BLK_LOCK_SECO.FLR color: Green
Meter 4F3_SHOP-25_B_BLK_LOCK_G/R FLR color: Green
Meter 4F3_SHOP-26_B_BLK_LOCK_G/R FLR color: Green
Meter 4F3_SHOP-64_B_BLK_LOCK_SECO.FLR color: Green
Meter 4F4_SHOP-28_B_BLK_LOCK_G/R FLR color: Green
Meter 4F4_SHOP-29_B_BLK_LOCK_G/R FLR color: Green
Meter 4F4_SHOP-58_B_BLK_LOCK_SECO.FLR color: Green
Meter BATA color: Green
Meter Croma color: Green
Meter Croma NEW color: Green
Meter ZUDIO color: Green
Meter 3F1_SHOP-22_B_BLK.LOCK_G/R FLR color: Green
Meter 3F1_SHOP-24_B_BLK.LOCK_G/R FLR color: Green
Meter 3F2_ZUDIO_2 color: Green
Meter 3F3_SHOP-23_B_BLK.LOCK_G/R FLR color: Green
Meter 3F3_SHOP-46_B_BLK.LOCK_ST.FLR color: Green
Meter 3F3_SPARE color: Green
Meter 3F4_20 slave name temporary color: Green
Meter 3F4_21 slave name temporary color: Green
Meter 3F4_22 slave name temporary color: Green
Meter 4F1_SHOP-56_B_BLK_LOCK_SECO.FLR color: Green
Meter 4F1_SHOP-57_B_BLK_LOCK_SECO.FLR color: Green
Meter 4F2_SHOP-27_B_BLK.LOCK_G/R FLR color: Green
Meter 4F2_SHOP-59_B_BLK_LOCK_SECO.FLR color: Green
Meter 4F3_SHOP-25_B_BLK_LOCK_G/R FLR color: Green
Meter 4F3_SHOP-26_B_BLK_LOCK_G/R FLR color: Green
Meter 4F3_SHOP-64_B_BLK_LOCK_SECO.FLR color: Green
Meter 4F4_SHOP-28_B_BLK_LOCK_G/R FLR color: Green
Meter 4F4_SHOP-29_B_BLK_LOCK_G/R FLR color: Green
Meter 4F4_SHOP-58_B_BLK_LOCK_SECO.FLR color: Green
Meter BATA color: Green
Meter Croma color: Green
Meter Croma NEW color: Green
Meter ZUDIO color: Green
Meter 3F1_SHOP-22_B_BLK.LOCK_G/R FLR color: Green
Meter 3F1_SHOP-24_B_BLK.LOCK_G/R FLR color: Green
Meter 3F2_ZUDIO_2 color: Green
Meter 3F3_SHOP-23_B_BLK.LOCK_G/R FLR color: Green
Meter 3F3_SHOP-46_B_BLK.LOCK_ST.FLR color: Green
Meter 3F3_SPARE color: Green
Meter 3F4_20 slave name temporary color: Green
Meter 3F4_21 slave name temporary color: Green
Meter 3F4_22 slave name temporary color: Green
Meter 4F1_SHOP-56_B_BLK_LOCK_SECO.FLR color: Green
Meter 4F1_SHOP-57_B_BLK_LOCK_SECO.FLR color: Green
Meter 4F2_SHOP-27_B_BLK.LOCK_G/R FLR color: Green
Meter 4F2_SHOP-59_B_BLK_LOCK_SECO.FLR color: Green
Meter 4F3_SHOP-25_B_BLK_LOCK_G/R FLR color: Green
Meter 4F3_SHOP-26_B_BLK_LOCK_G/R FLR color: Green
Meter 4F3_SHOP-64_B_BLK_LOCK_SECO.FLR color: Green
Meter 4F4_SHOP-28_B_BLK_LOCK_G/R FLR color: Green
Meter 4F4_SHOP-29_B_BLK_LOCK_G/R FLR color: Green
Meter 4F4_SHOP-58_B_BLK_LOCK_SECO.FLR color: Green
Meter BATA color: Green
Meter Croma color: Green
Meter Croma NEW color: Green
Meter ZUDIO color: Green
Meter 3F1_SHOP-22_B_BLK.LOCK_G/R FLR color: Green
Meter 3F1_SHOP-24_B_BLK.LOCK_G/R FLR color: Green
Meter 3F2_ZUDIO_2 color: Green
Meter 3F3_SHOP-23_B_BLK.LOCK_G/R FLR color: Green
Meter 3F3_SHOP-46_B_BLK.LOCK_ST.FLR color: Green
Meter 3F3_SPARE color: Green
Meter 3F4_20 slave name temporary color: Green
Meter 3F4_21 slave name temporary color: Green
Meter 3F4_22 slave name temporary color: Green
Meter 4F1_SHOP-56_B_BLK_LOCK_SECO.FLR color: Green
Meter 4F1_SHOP-57_B_BLK_LOCK_SECO.FLR color: Green
Meter 4F2_SHOP-27_B_BLK.LOCK_G/R FLR color: Green
Meter 4F2_SHOP-59_B_BLK_LOCK_SECO.FLR color: Green
Meter 4F3_SHOP-25_B_BLK_LOCK_G/R FLR color: Green
Meter 4F3_SHOP-26_B_BLK_LOCK_G/R FLR color: Green
Meter 4F3_SHOP-64_B_BLK_LOCK_SECO.FLR color: Green
Meter 4F4_SHOP-28_B_BLK_LOCK_G/R FLR color: Green
Meter 4F4_SHOP-29_B_BLK_LOCK_G/R FLR color: Green
Meter 4F4_SHOP-58_B_BLK_LOCK_SECO.FLR color: Green
Meter BATA color: Green
Meter Croma color: Green
Meter Croma NEW color: Green
Meter ZUDIO color: Green
Meter 3F1_SHOP-22_B_BLK.LOCK_G/R FLR color: Green
Meter 3F1_SHOP-24_B_BLK.LOCK_G/R FLR color: Green
Meter 3F2_ZUDIO_2 color: Green
Meter 3F3_SHOP-23_B_BLK.LOCK_G/R FLR color: Green
Meter 3F3_SHOP-46_B_BLK.LOCK_ST.FLR color: Green
Meter 3F3_SPARE color: Green
Meter 3F4_20 slave name temporary color: Green
Meter 3F4_21 slave name temporary color: Green
Meter 3F4_22 slave name temporary color: Green
Meter 4F1_SHOP-56_B_BLK_LOCK_SECO.FLR color: Green
Meter 4F1_SHOP-57_B_BLK_LOCK_SECO.FLR color: Green
Meter 4F2_SHOP-27_B_BLK.LOCK_G/R FLR color: Green
Meter 4F2_SHOP-59_B_BLK_LOCK_SECO.FLR color: Green
Meter 4F3_SHOP-25_B_BLK_LOCK_G/R FLR color: Green
Meter 4F3_SHOP-26_B_BLK_LOCK_G/R FLR color: Green
Meter 4F3_SHOP-64_B_BLK_LOCK_SECO.FLR color: Green
Meter 4F4_SHOP-28_B_BLK_LOCK_G/R FLR color: Green
Meter 4F4_SHOP-29_B_BLK_LOCK_G/R FLR color: Green
Meter 4F4_SHOP-58_B_BLK_LOCK_SECO.FLR color: Green
Meter BATA color: Green
Meter Croma color: Green
Meter Croma NEW color: Green
Meter ZUDIO color: Green
Meter 3F1_SHOP-22_B_BLK.LOCK_G/R FLR color: Green
Meter 3F1_SHOP-24_B_BLK.LOCK_G/R FLR color: Green
Meter 3F2_ZUDIO_2 color: Green
Meter 3F3_SHOP-23_B_BLK.LOCK_G/R FLR color: Green
Meter 3F3_SHOP-46_B_BLK.LOCK_ST.FLR color: Green
Meter 3F3_SPARE color: Green
Meter 3F4_20 slave name temporary color: Green
Meter 3F4_21 slave name temporary color: Green
Meter 3F4_22 slave name temporary color: Green
Meter 4F1_SHOP-56_B_BLK_LOCK_SECO.FLR color: Green
Meter 4F1_SHOP-57_B_BLK_LOCK_SECO.FLR color: Green
Meter 4F2_SHOP-27_B_BLK.LOCK_G/R FLR color: Green
Meter 4F2_SHOP-59_B_BLK_LOCK_SECO.FLR color: Green
Meter 4F3_SHOP-25_B_BLK_LOCK_G/R FLR color: Green
Meter 4F3_SHOP-26_B_BLK_LOCK_G/R FLR color: Green
Meter 4F3_SHOP-64_B_BLK_LOCK_SECO.FLR color: Green
Meter 4F4_SHOP-28_B_BLK_LOCK_G/R FLR color: Green
Meter 4F4_SHOP-29_B_BLK_LOCK_G/R FLR color: Green
Meter 4F4_SHOP-58_B_BLK_LOCK_SECO.FLR color: Green
Meter BATA color: Green
Meter Croma color: Green
Meter Croma NEW color: Green
Meter ZUDIO color: Green
Meter 3F1_SHOP-22_B_BLK.LOCK_G/R FLR color: Green
Meter 3F1_SHOP-24_B_BLK.LOCK_G/R FLR color: Green
Meter 3F2_ZUDIO_2 color: Green
Meter 3F3_SHOP-23_B_BLK.LOCK_G/R FLR color: Green
Meter 3F3_SHOP-46_B_BLK.LOCK_ST.FLR color: Green
Meter 3F3_SPARE color: Green
Meter 3F4_20 slave name temporary color: Green
Meter 3F4_21 slave name temporary color: Green
Meter 3F4_22 slave name temporary color: Green
Meter 4F1_SHOP-56_B_BLK_LOCK_SECO.FLR color: Green
Meter 4F1_SHOP-57_B_BLK_LOCK_SECO.FLR color: Green
Meter 4F2_SHOP-27_B_BLK.LOCK_G/R FLR color: Green
Meter 4F2_SHOP-59_B_BLK_LOCK_SECO.FLR color: Green
Meter 4F3_SHOP-25_B_BLK_LOCK_G/R FLR color: Green
Meter 4F3_SHOP-26_B_BLK_LOCK_G/R FLR color: Green
Meter 4F3_SHOP-64_B_BLK_LOCK_SECO.FLR color: Green
Meter 4F4_SHOP-28_B_BLK_LOCK_G/R FLR color: Green
Meter 4F4_SHOP-29_B_BLK_LOCK_G/R FLR color: Green
Meter 4F4_SHOP-58_B_BLK_LOCK_SECO.FLR color: Green
Meter BATA color: Green
Meter Croma color: Green
Meter Croma NEW color: Green
Meter ZUDIO color: Green
Meter 3F1_SHOP-22_B_BLK.LOCK_G/R FLR color: Green
Meter 3F1_SHOP-24_B_BLK.LOCK_G/R FLR color: Green
Meter 3F2_ZUDIO_2 color: Green
Meter 3F3_SHOP-23_B_BLK.LOCK_G/R FLR color: Green
Meter 3F3_SHOP-46_B_BLK.LOCK_ST.FLR color: Green
Meter 3F3_SPARE color: Green
Meter 3F4_20 slave name temporary color: Green
Meter 3F4_21 slave name temporary color: Green
Meter 3F4_22 slave name temporary color: Green
Meter 4F1_SHOP-56_B_BLK_LOCK_SECO.FLR color: Green
Meter 4F1_SHOP-57_B_BLK_LOCK_SECO.FLR color: Green
Meter 4F2_SHOP-27_B_BLK.LOCK_G/R FLR color: Green
Meter 4F2_SHOP-59_B_BLK_LOCK_SECO.FLR color: Green
Meter 4F3_SHOP-25_B_BLK_LOCK_G/R FLR color: Green
Meter 4F3_SHOP-26_B_BLK_LOCK_G/R FLR color: Green
Meter 4F3_SHOP-64_B_BLK_LOCK_SECO.FLR color: Green
Meter 4F4_SHOP-28_B_BLK_LOCK_G/R FLR color: Green
Meter 4F4_SHOP-29_B_BLK_LOCK_G/R FLR color: Green
Meter 4F4_SHOP-58_B_BLK_LOCK_SECO.FLR color: Green
Meter BATA color: Green
Meter Croma color: Green
Meter Croma NEW color: Green
Meter ZUDIO color: Green
Meter 3F1_SHOP-22_B_BLK.LOCK_G/R FLR color: Green
Meter 3F1_SHOP-24_B_BLK.LOCK_G/R FLR color: Green
Meter 3F2_ZUDIO_2 color: Green
Meter 3F3_SHOP-23_B_BLK.LOCK_G/R FLR color: Green
Meter 3F3_SHOP-46_B_BLK.LOCK_ST.FLR color: Green
Meter 3F3_SPARE color: Green
Meter 3F4_20 slave name temporary color: Green
Meter 3F4_21 slave name temporary color: Green
Meter 3F4_22 slave name temporary color: Green
Meter 4F1_SHOP-56_B_BLK_LOCK_SECO.FLR color: Green
Meter 4F1_SHOP-57_B_BLK_LOCK_SECO.FLR color: Green
Meter 4F2_SHOP-27_B_BLK.LOCK_G/R FLR color: Green
Meter 4F2_SHOP-59_B_BLK_LOCK_SECO.FLR color: Green
Meter 4F3_SHOP-25_B_BLK_LOCK_G/R FLR color: Green
Meter 4F3_SHOP-26_B_BLK_LOCK_G/R FLR color: Green
Meter 4F3_SHOP-64_B_BLK_LOCK_SECO.FLR color: Green
Meter 4F4_SHOP-28_B_BLK_LOCK_G/R FLR color: Green
Meter 4F4_SHOP-29_B_BLK_LOCK_G/R FLR color: Green
Meter 4F4_SHOP-58_B_BLK_LOCK_SECO.FLR color: Green
Meter BATA color: Green
Meter Croma color: Green
Meter Croma NEW color: Green
Meter ZUDIO color: Green
Meter 3F1_SHOP-22_B_BLK.LOCK_G/R FLR color: Green
Meter 3F1_SHOP-24_B_BLK.LOCK_G/R FLR color: Green
Meter 3F2_ZUDIO_2 color: Green
Meter 3F3_SHOP-23_B_BLK.LOCK_G/R FLR color: Green
Meter 3F3_SHOP-46_B_BLK.LOCK_ST.FLR color: Green
Meter 3F3_SPARE color: Green
Meter 3F4_20 slave name temporary color: Green
Meter 3F4_21 slave name temporary color: Green
Meter 3F4_22 slave name temporary color: Green
Meter 4F1_SHOP-56_B_BLK_LOCK_SECO.FLR color: Green
Meter 4F1_SHOP-57_B_BLK_LOCK_SECO.FLR color: Green
Meter 4F2_SHOP-27_B_BLK.LOCK_G/R FLR color: Green
Meter 4F2_SHOP-59_B_BLK_LOCK_SECO.FLR color: Green
Meter 4F3_SHOP-25_B_BLK_LOCK_G/R FLR color: Green
Meter 4F3_SHOP-26_B_BLK_LOCK_G/R FLR color: Green
Meter 4F3_SHOP-64_B_BLK_LOCK_SECO.FLR color: Green
Meter 4F4_SHOP-28_B_BLK_LOCK_G/R FLR color: Green
Meter 4F4_SHOP-29_B_BLK_LOCK_G/R FLR color: Green
Meter 4F4_SHOP-58_B_BLK_LOCK_SECO.FLR color: Green
Meter BATA color: Green
Meter Croma color: Green
Meter Croma NEW color: Green
Meter ZUDIO color: Green
Meter 3F1_SHOP-22_B_BLK.LOCK_G/R FLR color: Green
Meter 3F1_SHOP-24_B_BLK.LOCK_G/R FLR color: Green
Meter 3F2_ZUDIO_2 color: Green
Meter 3F3_SHOP-23_B_BLK.LOCK_G/R FLR color: Green
Meter 3F3_SHOP-46_B_BLK.LOCK_ST.FLR color: Green
Meter 3F3_SPARE color: Green
Meter 3F4_20 slave name temporary color: Green
Meter 3F4_21 slave name temporary color: Green
Meter 3F4_22 slave name temporary color: Green
Meter 4F1_SHOP-56_B_BLK_LOCK_SECO.FLR color: Green
Meter 4F1_SHOP-57_B_BLK_LOCK_SECO.FLR color: Green
Meter 4F2_SHOP-27_B_BLK.LOCK_G/R FLR color: Green
Meter 4F2_SHOP-59_B_BLK_LOCK_SECO.FLR color: Green
Meter 4F3_SHOP-25_B_BLK_LOCK_G/R FLR color: Green
Meter 4F3_SHOP-26_B_BLK_LOCK_G/R FLR color: Green
Meter 4F3_SHOP-64_B_BLK_LOCK_SECO.FLR color: Green
Meter 4F4_SHOP-28_B_BLK_LOCK_G/R FLR color: Green
Meter 4F4_SHOP-29_B_BLK_LOCK_G/R FLR color: Green
Meter 4F4_SHOP-58_B_BLK_LOCK_SECO.FLR color: Green
Meter BATA color: Green
Meter Croma color: Green
Meter Croma NEW color: Green
Meter ZUDIO color: Green
Meter 3F1_SHOP-22_B_BLK.LOCK_G/R FLR color: Green
Meter 3F1_SHOP-24_B_BLK.LOCK_G/R FLR color: Green
Meter 3F2_ZUDIO_2 color: Green
Meter 3F3_SHOP-23_B_BLK.LOCK_G/R FLR color: Green
Meter 3F3_SHOP-46_B_BLK.LOCK_ST.FLR color: Green
Meter 3F3_SPARE color: Green
Meter 3F4_20 slave name temporary color: Green
Meter 3F4_21 slave name temporary color: Green
Meter 3F4_22 slave name temporary color: Green
Meter 4F1_SHOP-56_B_BLK_LOCK_SECO.FLR color: Green
Meter 4F1_SHOP-57_B_BLK_LOCK_SECO.FLR color: Green
Meter 4F2_SHOP-27_B_BLK.LOCK_G/R FLR color: Green
Meter 4F2_SHOP-59_B_BLK_LOCK_SECO.FLR color: Green
Meter 4F3_SHOP-25_B_BLK_LOCK_G/R FLR color: Green
Meter 4F3_SHOP-26_B_BLK_LOCK_G/R FLR color: Green
Meter 4F3_SHOP-64_B_BLK_LOCK_SECO.FLR color: Green
Meter 4F4_SHOP-28_B_BLK_LOCK_G/R FLR color: Green
Meter 4F4_SHOP-29_B_BLK_LOCK_G/R FLR color: Green
Meter 4F4_SHOP-58_B_BLK_LOCK_SECO.FLR color: Green
Meter BATA color: Green
Meter Croma color: Green
Meter Croma NEW color: Green
Meter ZUDIO color: Green
Meter 3F1_SHOP-22_B_BLK.LOCK_G/R FLR color: Green
Meter 3F1_SHOP-24_B_BLK.LOCK_G/R FLR color: Green
Meter 3F2_ZUDIO_2 color: Green
Meter 3F3_SHOP-23_B_BLK.LOCK_G/R FLR color: Green
Meter 3F3_SHOP-46_B_BLK.LOCK_ST.FLR color: Green
Meter 3F3_SPARE color: Green
Meter 3F4_20 slave name temporary color: Green
Meter 3F4_21 slave name temporary color: Green
Meter 3F4_22 slave name temporary color: Green
Meter 4F1_SHOP-56_B_BLK_LOCK_SECO.FLR color: Green
Meter 4F1_SHOP-57_B_BLK_LOCK_SECO.FLR color: Green
Meter 4F2_SHOP-27_B_BLK.LOCK_G/R FLR color: Green
Meter 4F2_SHOP-59_B_BLK_LOCK_SECO.FLR color: Green
Meter 4F3_SHOP-25_B_BLK_LOCK_G/R FLR color: Green
Meter 4F3_SHOP-26_B_BLK_LOCK_G/R FLR color: Green
Meter 4F3_SHOP-64_B_BLK_LOCK_SECO.FLR color: Green
Meter 4F4_SHOP-28_B_BLK_LOCK_G/R FLR color: Green
Meter 4F4_SHOP-29_B_BLK_LOCK_G/R FLR color: Green
Meter 4F4_SHOP-58_B_BLK_LOCK_SECO.FLR color: Green
Meter BATA color: Green
Meter Croma color: Green
Meter Croma NEW color: Green
Meter ZUDIO color: Green
Meter 3F1_SHOP-22_B_BLK.LOCK_G/R FLR color: Green
Meter 3F1_SHOP-24_B_BLK.LOCK_G/R FLR color: Green
Meter 3F2_ZUDIO_2 color: Green
Meter 3F3_SHOP-23_B_BLK.LOCK_G/R FLR color: Green
Meter 3F3_SHOP-46_B_BLK.LOCK_ST.FLR color: Green
Meter 3F3_SPARE color: Green
Meter 3F4_20 slave name temporary color: Green
Meter 3F4_21 slave name temporary color: Green
Meter 3F4_22 slave name temporary color: Green
Meter 4F1_SHOP-56_B_BLK_LOCK_SECO.FLR color: Green
Meter 4F1_SHOP-57_B_BLK_LOCK_SECO.FLR color: Green
Meter 4F2_SHOP-27_B_BLK.LOCK_G/R FLR color: Green
Meter 4F2_SHOP-59_B_BLK_LOCK_SECO.FLR color: Green
Meter 4F3_SHOP-25_B_BLK_LOCK_G/R FLR color: Green
Meter 4F3_SHOP-26_B_BLK_LOCK_G/R FLR color: Green
Meter 4F3_SHOP-64_B_BLK_LOCK_SECO.FLR color: Green
Meter 4F4_SHOP-28_B_BLK_LOCK_G/R FLR color: Green
Meter 4F4_SHOP-29_B_BLK_LOCK_G/R FLR color: Green
Meter 4F4_SHOP-58_B_BLK_LOCK_SECO.FLR color: Green
Meter BATA color: Green
Meter Croma color: Green
Meter Croma NEW color: Green
Meter ZUDIO color: Green
Meter 3F1_SHOP-22_B_BLK.LOCK_G/R FLR color: Green
Meter 3F1_SHOP-24_B_BLK.LOCK_G/R FLR color: Green
Meter 3F2_ZUDIO_2 color: Green
Meter 3F3_SHOP-23_B_BLK.LOCK_G/R FLR color: Green
Meter 3F3_SHOP-46_B_BLK.LOCK_ST.FLR color: Green
Meter 3F3_SPARE color: Green
Meter 3F4_20 slave name temporary color: Green
Meter 3F4_21 slave name temporary color: Green
Meter 3F4_22 slave name temporary color: Green
Meter 4F1_SHOP-56_B_BLK_LOCK_SECO.FLR color: Green
Meter 4F1_SHOP-57_B_BLK_LOCK_SECO.FLR color: Green
Meter 4F2_SHOP-27_B_BLK.LOCK_G/R FLR color: Green
Meter 4F2_SHOP-59_B_BLK_LOCK_SECO.FLR color: Green
Meter 4F3_SHOP-25_B_BLK_LOCK_G/R FLR color: Green
Meter 4F3_SHOP-26_B_BLK_LOCK_G/R FLR color: Green
Meter 4F3_SHOP-64_B_BLK_LOCK_SECO.FLR color: Green
Meter 4F4_SHOP-28_B_BLK_LOCK_G/R FLR color: Green
Meter 4F4_SHOP-29_B_BLK_LOCK_G/R FLR color: Green
Meter 4F4_SHOP-58_B_BLK_LOCK_SECO.FLR color: Green
Meter BATA color: Green
Meter Croma color: Green
Meter Croma NEW color: Green
Meter ZUDIO color: Green
Meter 3F1_SHOP-22_B_BLK.LOCK_G/R FLR color: Green
Meter 3F1_SHOP-24_B_BLK.LOCK_G/R FLR color: Green
Meter 3F2_ZUDIO_2 color: Green
Meter 3F3_SHOP-23_B_BLK.LOCK_G/R FLR color: Green
Meter 3F3_SHOP-46_B_BLK.LOCK_ST.FLR color: Green
Meter 3F3_SPARE color: Green
Meter 3F4_20 slave name temporary color: Green
Meter 3F4_21 slave name temporary color: Green
Meter 3F4_22 slave name temporary color: Green
Meter 4F1_SHOP-56_B_BLK_LOCK_SECO.FLR color: Green
Meter 4F1_SHOP-57_B_BLK_LOCK_SECO.FLR color: Green
Meter 4F2_SHOP-27_B_BLK.LOCK_G/R FLR color: Green
Meter 4F2_SHOP-59_B_BLK_LOCK_SECO.FLR color: Green
Meter 4F3_SHOP-25_B_BLK_LOCK_G/R FLR color: Green
Meter 4F3_SHOP-26_B_BLK_LOCK_G/R FLR color: Green
Meter 4F3_SHOP-64_B_BLK_LOCK_SECO.FLR color: Green
Meter 4F4_SHOP-28_B_BLK_LOCK_G/R FLR color: Green
Meter 4F4_SHOP-29_B_BLK_LOCK_G/R FLR color: Green
Meter 4F4_SHOP-58_B_BLK_LOCK_SECO.FLR color: Green
Meter BATA color: Green
Meter Croma color: Green
Meter Croma NEW color: Green
Meter ZUDIO color: Green
Gateway== TERRACE_SOLAR_ACDB_PANEL
Meter SOLAR_ACDB_PANEL color: Green
Gateway== UPS_OUTPUT_PANEL
Meter UPS 1F-EB_INCOMER color: Green]]>
  </system-out>
</testsuite> <!-- testcases.Meter_status1 -->
